{"/Users/michel/projects/explorer/src/i18n.ts": {"path":"/Users/michel/projects/explorer/src/i18n.ts","statementMap":{"0":{"start":{"line":1,"column":0},"end":{"line":null,"column":-1}},"1":{"start":{"line":2,"column":0},"end":{"line":null,"column":-1}},"2":{"start":{"line":4,"column":0},"end":{"line":null,"column":-1}},"3":{"start":{"line":7,"column":18},"end":{"line":7,"column":2}},"4":{"start":{"line":8,"column":35},"end":{"line":8,"column":2}},"5":{"start":{"line":9,"column":2},"end":{"line":null,"column":-1}},"6":{"start":{"line":10,"column":20},"end":{"line":10,"column":4}},"7":{"start":{"line":11,"column":4},"end":{"line":17,"column":5}},"8":{"start":{"line":12,"column":21},"end":{"line":12,"column":6}},"9":{"start":{"line":13,"column":6},"end":{"line":15,"column":7}},"10":{"start":{"line":14,"column":8},"end":{"line":null,"column":-1}},"11":{"start":{"line":16,"column":6},"end":{"line":null,"column":-1}},"12":{"start":{"line":19,"column":2},"end":{"line":null,"column":-1}}},"fnMap":{"0":{"name":"loadLocaleMessages","decl":{"start":{"line":6,"column":9},"end":{"line":6,"column":0}},"loc":{"start":{"line":6,"column":27},"end":{"line":20,"column":1}}},"1":{"name":"(anonymous_1)","decl":{"start":{"line":9,"column":25},"end":{"line":9,"column":27}},"loc":{"start":{"line":9,"column":31},"end":{"line":9,"column":2}}}},"branchMap":{"0":{"loc":{"start":{"line":11,"column":4},"end":{"line":17,"column":5}},"type":"if","locations":[{"start":{"line":11,"column":4},"end":{"line":17,"column":5}},{"start":{"line":11,"column":4},"end":{"line":17,"column":5}}]},"1":{"loc":{"start":{"line":11,"column":8},"end":{"line":11,"column":15}},"type":"binary-expr","locations":[{"start":{"line":11,"column":8},"end":{"line":11,"column":15}},{"start":{"line":11,"column":19},"end":{"line":11,"column":4}}]},"2":{"loc":{"start":{"line":13,"column":6},"end":{"line":15,"column":7}},"type":"if","locations":[{"start":{"line":13,"column":6},"end":{"line":15,"column":7}},{"start":{"line":13,"column":6},"end":{"line":15,"column":7}}]},"3":{"loc":{"start":{"line":23,"column":10},"end":{"line":23,"column":9}},"type":"binary-expr","locations":[{"start":{"line":23,"column":10},"end":{"line":23,"column":9}},{"start":{"line":23,"column":45},"end":{"line":22,"column":27}}]},"4":{"loc":{"start":{"line":24,"column":18},"end":{"line":24,"column":17}},"type":"binary-expr","locations":[{"start":{"line":24,"column":18},"end":{"line":24,"column":17}},{"start":{"line":24,"column":62},"end":{"line":22,"column":27}}]}},"s":{"0":0,"1":0,"2":0,"3":0,"4":0,"5":0,"6":0,"7":0,"8":0,"9":0,"10":0,"11":0,"12":0},"f":{"0":0,"1":0},"b":{"0":[0,0],"1":[0,0],"2":[0,0],"3":[0,0],"4":[0,0]}}
,"/Users/michel/projects/explorer/src/main.ts": {"path":"/Users/michel/projects/explorer/src/main.ts","statementMap":{"0":{"start":{"line":4,"column":0},"end":{"line":null,"column":-1}},"1":{"start":{"line":5,"column":0},"end":{"line":null,"column":-1}},"2":{"start":{"line":7,"column":0},"end":{"line":null,"column":-1}},"3":{"start":{"line":8,"column":0},"end":{"line":null,"column":-1}},"4":{"start":{"line":10,"column":0},"end":{"line":null,"column":-1}},"5":{"start":{"line":12,"column":0},"end":{"line":null,"column":-1}},"6":{"start":{"line":14,"column":0},"end":{"line":null,"column":-1}},"7":{"start":{"line":16,"column":0},"end":{"line":null,"column":-1}},"8":{"start":{"line":18,"column":0},"end":{"line":null,"column":-1}},"9":{"start":{"line":20,"column":0},"end":{"line":null,"column":-1}},"10":{"start":{"line":22,"column":0},"end":{"line":null,"column":-1}},"11":{"start":{"line":23,"column":0},"end":{"line":null,"column":-1}},"12":{"start":{"line":2,"column":0},"end":{"line":null,"column":-1}},"13":{"start":{"line":27,"column":0},"end":{"line":null,"column":-1}},"14":{"start":{"line":29,"column":0},"end":{"line":null,"column":-1}},"15":{"start":{"line":31,"column":0},"end":{"line":null,"column":-1}},"16":{"start":{"line":33,"column":0},"end":{"line":null,"column":-1}},"17":{"start":{"line":34,"column":0},"end":{"line":null,"column":-1}},"18":{"start":{"line":38,"column":0},"end":{"line":null,"column":-1}},"19":{"start":{"line":40,"column":0},"end":{"line":null,"column":-1}},"20":{"start":{"line":42,"column":0},"end":{"line":null,"column":-1}},"21":{"start":{"line":46,"column":15},"end":{"line":46,"column":16}}},"fnMap":{"0":{"name":"(anonymous_0)","decl":{"start":{"line":46,"column":10},"end":{"line":46,"column":11}},"loc":{"start":{"line":46,"column":15},"end":{"line":46,"column":16}}}},"branchMap":{},"s":{"0":0,"1":0,"2":0,"3":0,"4":0,"5":0,"6":0,"7":0,"8":0,"9":0,"10":0,"11":0,"12":0,"13":0,"14":0,"15":0,"16":0,"17":0,"18":0,"19":0,"20":0,"21":0},"f":{"0":0},"b":{}}
,"/Users/michel/projects/explorer/src/routerOld.ts": {"path":"/Users/michel/projects/explorer/src/routerOld.ts","statementMap":{"0":{"start":{"line":1,"column":0},"end":{"line":null,"column":-1}},"1":{"start":{"line":2,"column":0},"end":{"line":null,"column":-1}},"2":{"start":{"line":3,"column":0},"end":{"line":null,"column":-1}},"3":{"start":{"line":5,"column":0},"end":{"line":null,"column":-1}},"4":{"start":{"line":22,"column":17},"end":{"line":null,"column":-1}}},"fnMap":{"0":{"name":"(anonymous_0)","decl":{"start":{"line":22,"column":17},"end":{"line":null,"column":-1}},"loc":{"start":{"line":22,"column":17},"end":{"line":null,"column":-1}}}},"branchMap":{},"s":{"0":0,"1":0,"2":0,"3":0,"4":0},"f":{"0":0},"b":{}}
,"/Users/michel/projects/explorer/src/components/index.ts": {"path":"/Users/michel/projects/explorer/src/components/index.ts","statementMap":{"0":{"start":{"line":1,"column":0},"end":{"line":null,"column":-1}},"1":{"start":{"line":8,"column":0},"end":{"line":null,"column":-1}},"2":{"start":{"line":9,"column":0},"end":{"line":null,"column":-1}},"3":{"start":{"line":10,"column":0},"end":{"line":null,"column":-1}},"4":{"start":{"line":11,"column":0},"end":{"line":null,"column":-1}},"5":{"start":{"line":12,"column":0},"end":{"line":null,"column":-1}},"6":{"start":{"line":16,"column":0},"end":{"line":null,"column":-1}},"7":{"start":{"line":17,"column":0},"end":{"line":null,"column":-1}},"8":{"start":{"line":21,"column":0},"end":{"line":null,"column":-1}},"9":{"start":{"line":23,"column":0},"end":{"line":null,"column":-1}},"10":{"start":{"line":24,"column":0},"end":{"line":null,"column":-1}},"11":{"start":{"line":25,"column":0},"end":{"line":null,"column":-1}},"12":{"start":{"line":27,"column":0},"end":{"line":null,"column":-1}},"13":{"start":{"line":28,"column":0},"end":{"line":null,"column":-1}},"14":{"start":{"line":32,"column":0},"end":{"line":null,"column":-1}},"15":{"start":{"line":33,"column":0},"end":{"line":null,"column":-1}},"16":{"start":{"line":34,"column":0},"end":{"line":null,"column":-1}}},"fnMap":{},"branchMap":{},"s":{"0":0,"1":0,"2":0,"3":0,"4":0,"5":0,"6":0,"7":0,"8":0,"9":0,"10":0,"11":0,"12":0,"13":0,"14":0,"15":0,"16":0},"f":{},"b":{}}
,"/Users/michel/projects/explorer/src/components/block/index.ts": {"path":"/Users/michel/projects/explorer/src/components/block/index.ts","statementMap":{"0":{"start":{"line":1,"column":0},"end":{"line":null,"column":-1}},"1":{"start":{"line":2,"column":0},"end":{"line":null,"column":-1}},"2":{"start":{"line":3,"column":0},"end":{"line":null,"column":-1}}},"fnMap":{},"branchMap":{},"s":{"0":0,"1":0,"2":0},"f":{},"b":{}}
,"/Users/michel/projects/explorer/src/components/charts/price-chart.ts": {"path":"/Users/michel/projects/explorer/src/components/charts/price-chart.ts","statementMap":{"0":{"start":{"line":1,"column":0},"end":{"line":null,"column":-1}},"1":{"start":{"line":21,"column":4},"end":{"line":null,"column":-1}}},"fnMap":{},"branchMap":{},"s":{"0":1,"1":0},"f":{},"b":{}}
,"/Users/michel/projects/explorer/src/components/header/index.ts": {"path":"/Users/michel/projects/explorer/src/components/header/index.ts","statementMap":{"0":{"start":{"line":1,"column":0},"end":{"line":null,"column":-1}},"1":{"start":{"line":2,"column":0},"end":{"line":null,"column":-1}},"2":{"start":{"line":4,"column":0},"end":{"line":null,"column":-1}},"3":{"start":{"line":5,"column":0},"end":{"line":null,"column":-1}},"4":{"start":{"line":6,"column":0},"end":{"line":null,"column":-1}},"5":{"start":{"line":7,"column":0},"end":{"line":null,"column":-1}}},"fnMap":{"0":{"name":"(anonymous_2)","decl":{"start":{"line":4,"column":0},"end":{"line":null,"column":-1}},"loc":{"start":{"line":4,"column":0},"end":{"line":null,"column":-1}}},"1":{"name":"(anonymous_4)","decl":{"start":{"line":5,"column":0},"end":{"line":null,"column":-1}},"loc":{"start":{"line":5,"column":0},"end":{"line":null,"column":-1}}},"2":{"name":"(anonymous_6)","decl":{"start":{"line":6,"column":0},"end":{"line":null,"column":-1}},"loc":{"start":{"line":6,"column":0},"end":{"line":null,"column":-1}}},"3":{"name":"(anonymous_8)","decl":{"start":{"line":7,"column":0},"end":{"line":null,"column":-1}},"loc":{"start":{"line":7,"column":0},"end":{"line":null,"column":-1}}}},"branchMap":{"0":{"loc":{"start":{"line":4,"column":0},"end":{"line":null,"column":-1}},"type":"if","locations":[{"start":{"line":4,"column":0},"end":{"line":null,"column":-1}},{"start":{"line":4,"column":0},"end":{"line":null,"column":-1}}]},"1":{"loc":{"start":{"line":5,"column":0},"end":{"line":null,"column":-1}},"type":"if","locations":[{"start":{"line":5,"column":0},"end":{"line":null,"column":-1}},{"start":{"line":5,"column":0},"end":{"line":null,"column":-1}}]},"2":{"loc":{"start":{"line":6,"column":0},"end":{"line":null,"column":-1}},"type":"if","locations":[{"start":{"line":6,"column":0},"end":{"line":null,"column":-1}},{"start":{"line":6,"column":0},"end":{"line":null,"column":-1}}]},"3":{"loc":{"start":{"line":7,"column":0},"end":{"line":null,"column":-1}},"type":"if","locations":[{"start":{"line":7,"column":0},"end":{"line":null,"column":-1}},{"start":{"line":7,"column":0},"end":{"line":null,"column":-1}}]}},"s":{"0":0,"1":0,"2":0,"3":0,"4":0,"5":0},"f":{"0":0,"1":0,"2":0,"3":0},"b":{"0":[0,0],"1":[0,0],"2":[0,0],"3":[0,0]}}
,"/Users/michel/projects/explorer/src/components/header/currencies/index.ts": {"path":"/Users/michel/projects/explorer/src/components/header/currencies/index.ts","statementMap":{"0":{"start":{"line":1,"column":0},"end":{"line":null,"column":-1}},"1":{"start":{"line":2,"column":0},"end":{"line":null,"column":-1}}},"fnMap":{},"branchMap":{},"s":{"0":1,"1":1},"f":{},"b":{}}
,"/Users/michel/projects/explorer/src/components/header/languages/index.ts": {"path":"/Users/michel/projects/explorer/src/components/header/languages/index.ts","statementMap":{"0":{"start":{"line":1,"column":0},"end":{"line":null,"column":-1}},"1":{"start":{"line":2,"column":0},"end":{"line":null,"column":-1}}},"fnMap":{},"branchMap":{},"s":{"0":1,"1":1},"f":{},"b":{}}
,"/Users/michel/projects/explorer/src/components/header/menu/index.ts": {"path":"/Users/michel/projects/explorer/src/components/header/menu/index.ts","statementMap":{"0":{"start":{"line":1,"column":0},"end":{"line":null,"column":-1}},"1":{"start":{"line":2,"column":0},"end":{"line":null,"column":-1}}},"fnMap":{},"branchMap":{},"s":{"0":1,"1":1},"f":{},"b":{}}
,"/Users/michel/projects/explorer/src/components/header/toggles/index.ts": {"path":"/Users/michel/projects/explorer/src/components/header/toggles/index.ts","statementMap":{"0":{"start":{"line":1,"column":0},"end":{"line":null,"column":-1}},"1":{"start":{"line":2,"column":0},"end":{"line":null,"column":-1}},"2":{"start":{"line":3,"column":0},"end":{"line":null,"column":-1}},"3":{"start":{"line":4,"column":0},"end":{"line":null,"column":-1}}},"fnMap":{},"branchMap":{},"s":{"0":0,"1":0,"2":0,"3":0},"f":{},"b":{}}
,"/Users/michel/projects/explorer/src/components/home/index.ts": {"path":"/Users/michel/projects/explorer/src/components/home/index.ts","statementMap":{"0":{"start":{"line":1,"column":0},"end":{"line":null,"column":-1}},"1":{"start":{"line":2,"column":0},"end":{"line":null,"column":-1}}},"fnMap":{},"branchMap":{},"s":{"0":1,"1":1},"f":{},"b":{}}
,"/Users/michel/projects/explorer/src/components/links/index.ts": {"path":"/Users/michel/projects/explorer/src/components/links/index.ts","statementMap":{"0":{"start":{"line":1,"column":0},"end":{"line":null,"column":-1}},"1":{"start":{"line":2,"column":0},"end":{"line":null,"column":-1}},"2":{"start":{"line":3,"column":0},"end":{"line":null,"column":-1}}},"fnMap":{},"branchMap":{},"s":{"0":3,"1":3,"2":3},"f":{},"b":{}}
,"/Users/michel/projects/explorer/src/components/monitor/index.ts": {"path":"/Users/michel/projects/explorer/src/components/monitor/index.ts","statementMap":{"0":{"start":{"line":1,"column":0},"end":{"line":null,"column":-1}},"1":{"start":{"line":2,"column":0},"end":{"line":null,"column":-1}},"2":{"start":{"line":4,"column":0},"end":{"line":null,"column":-1}}},"fnMap":{"0":{"name":"(anonymous_2)","decl":{"start":{"line":4,"column":0},"end":{"line":null,"column":-1}},"loc":{"start":{"line":4,"column":0},"end":{"line":null,"column":-1}}}},"branchMap":{"0":{"loc":{"start":{"line":4,"column":0},"end":{"line":null,"column":-1}},"type":"if","locations":[{"start":{"line":4,"column":0},"end":{"line":null,"column":-1}},{"start":{"line":4,"column":0},"end":{"line":null,"column":-1}}]}},"s":{"0":0,"1":0,"2":0},"f":{"0":0},"b":{"0":[0,0]}}
,"/Users/michel/projects/explorer/src/components/monitor/header/index.ts": {"path":"/Users/michel/projects/explorer/src/components/monitor/header/index.ts","statementMap":{"0":{"start":{"line":1,"column":0},"end":{"line":null,"column":-1}},"1":{"start":{"line":2,"column":0},"end":{"line":null,"column":-1}},"2":{"start":{"line":3,"column":0},"end":{"line":null,"column":-1}}},"fnMap":{},"branchMap":{},"s":{"0":0,"1":0,"2":0},"f":{},"b":{}}
,"/Users/michel/projects/explorer/src/components/utils/pagination/index.ts": {"path":"/Users/michel/projects/explorer/src/components/utils/pagination/index.ts","statementMap":{"0":{"start":{"line":1,"column":0},"end":{"line":null,"column":-1}},"1":{"start":{"line":2,"column":0},"end":{"line":null,"column":-1}},"2":{"start":{"line":3,"column":0},"end":{"line":null,"column":-1}},"3":{"start":{"line":4,"column":0},"end":{"line":null,"column":-1}}},"fnMap":{},"branchMap":{},"s":{"0":1,"1":1,"2":1,"3":1},"f":{},"b":{}}
,"/Users/michel/projects/explorer/src/components/wallet/index.ts": {"path":"/Users/michel/projects/explorer/src/components/wallet/index.ts","statementMap":{"0":{"start":{"line":1,"column":0},"end":{"line":null,"column":-1}},"1":{"start":{"line":2,"column":0},"end":{"line":null,"column":-1}},"2":{"start":{"line":3,"column":0},"end":{"line":null,"column":-1}},"3":{"start":{"line":4,"column":0},"end":{"line":null,"column":-1}}},"fnMap":{},"branchMap":{},"s":{"0":0,"1":0,"2":0,"3":0},"f":{},"b":{}}
,"/Users/michel/projects/explorer/src/config/index.ts": {"path":"/Users/michel/projects/explorer/src/config/index.ts","statementMap":{"0":{"start":{"line":1,"column":20},"end":{"line":1,"column":7}}},"fnMap":{},"branchMap":{},"s":{"0":5},"f":{},"b":{}}
,"/Users/michel/projects/explorer/src/directives/click-outside.ts": {"path":"/Users/michel/projects/explorer/src/directives/click-outside.ts","statementMap":{"0":{"start":{"line":4,"column":4},"end":{"line":null,"column":-1}},"1":{"start":{"line":5,"column":19},"end":{"line":5,"column":6}},"2":{"start":{"line":6,"column":6},"end":{"line":8,"column":7}},"3":{"start":{"line":7,"column":8},"end":{"line":null,"column":-1}},"4":{"start":{"line":11,"column":4},"end":{"line":null,"column":-1}},"5":{"start":{"line":14,"column":4},"end":{"line":null,"column":-1}}},"fnMap":{"0":{"name":"(anonymous_0)","decl":{"start":{"line":4,"column":28},"end":{"line":4,"column":26}},"loc":{"start":{"line":4,"column":39},"end":{"line":4,"column":4}}}},"branchMap":{"0":{"loc":{"start":{"line":5,"column":19},"end":{"line":5,"column":18}},"type":"binary-expr","locations":[{"start":{"line":5,"column":19},"end":{"line":5,"column":18}},{"start":{"line":5,"column":31},"end":{"line":5,"column":19}}]},"1":{"loc":{"start":{"line":5,"column":49},"end":{"line":5,"column":31}},"type":"cond-expr","locations":[{"start":{"line":5,"column":49},"end":{"line":5,"column":31}},{"start":{"line":5,"column":69},"end":{"line":5,"column":19}}]},"2":{"loc":{"start":{"line":6,"column":6},"end":{"line":8,"column":7}},"type":"if","locations":[{"start":{"line":6,"column":6},"end":{"line":8,"column":7}},{"start":{"line":6,"column":6},"end":{"line":8,"column":7}}]},"3":{"loc":{"start":{"line":6,"column":17},"end":{"line":6,"column":14}},"type":"cond-expr","locations":[{"start":{"line":6,"column":17},"end":{"line":6,"column":14}},{"start":{"line":6,"column":40},"end":{"line":6,"column":6}}]}},"s":{"0":6,"1":0,"2":0,"3":0,"4":6,"5":0},"f":{"0":0},"b":{"0":[0,0],"1":[0,0],"2":[0,0],"3":[0,0]}}
,"/Users/michel/projects/explorer/src/directives/index.ts": {"path":"/Users/michel/projects/explorer/src/directives/index.ts","statementMap":{"0":{"start":{"line":2,"column":0},"end":{"line":null,"column":-1}},"1":{"start":{"line":6,"column":4},"end":{"line":null,"column":-1}}},"fnMap":{},"branchMap":{},"s":{"0":0,"1":0},"f":{},"b":{}}
,"/Users/michel/projects/explorer/src/mixins/currency.ts": {"path":"/Users/michel/projects/explorer/src/mixins/currency.ts","statementMap":{"0":{"start":{"line":1,"column":0},"end":{"line":null,"column":-1}},"1":{"start":{"line":3,"column":15},"end":{"line":3,"column":0}},"2":{"start":{"line":8,"column":6},"end":{"line":16,"column":7}},"3":{"start":{"line":9,"column":40},"end":{"line":9,"column":8}},"4":{"start":{"line":13,"column":8},"end":{"line":null,"column":-1}},"5":{"start":{"line":25,"column":35},"end":{"line":25,"column":6}},"6":{"start":{"line":27,"column":6},"end":{"line":29,"column":7}},"7":{"start":{"line":28,"column":8},"end":{"line":null,"column":-1}},"8":{"start":{"line":31,"column":6},"end":{"line":null,"column":-1}},"9":{"start":{"line":33,"column":49},"end":{"line":33,"column":6}},"10":{"start":{"line":40,"column":6},"end":{"line":null,"column":-1}},"11":{"start":{"line":40,"column":77},"end":{"line":40,"column":13}},"12":{"start":{"line":51,"column":6},"end":{"line":null,"column":-1}},"13":{"start":{"line":51,"column":77},"end":{"line":51,"column":13}}},"fnMap":{"0":{"name":"(anonymous_0)","decl":{"start":{"line":40,"column":72},"end":{"line":40,"column":73}},"loc":{"start":{"line":40,"column":77},"end":{"line":40,"column":13}}},"1":{"name":"(anonymous_1)","decl":{"start":{"line":51,"column":72},"end":{"line":51,"column":73}},"loc":{"start":{"line":51,"column":77},"end":{"line":51,"column":13}}}},"branchMap":{"0":{"loc":{"start":{"line":7,"column":72},"end":{"line":7,"column":18}},"type":"default-arg","locations":[{"start":{"line":7,"column":72},"end":{"line":7,"column":18}}]},"1":{"loc":{"start":{"line":7,"column":97},"end":{"line":7,"column":18}},"type":"default-arg","locations":[{"start":{"line":7,"column":97},"end":{"line":7,"column":18}}]},"2":{"loc":{"start":{"line":8,"column":6},"end":{"line":16,"column":7}},"type":"if","locations":[{"start":{"line":8,"column":6},"end":{"line":16,"column":7}},{"start":{"line":8,"column":6},"end":{"line":16,"column":7}}]},"3":{"loc":{"start":{"line":14,"column":12},"end":{"line":13,"column":29}},"type":"cond-expr","locations":[{"start":{"line":14,"column":12},"end":{"line":13,"column":29}},{"start":{"line":15,"column":12},"end":{"line":13,"column":8}}]},"4":{"loc":{"start":{"line":14,"column":34},"end":{"line":14,"column":68}},"type":"binary-expr","locations":[{"start":{"line":14,"column":34},"end":{"line":14,"column":68}},{"start":{"line":14,"column":69},"end":{"line":14,"column":34}},{"start":{"line":14,"column":113},"end":{"line":14,"column":115}}]},"5":{"loc":{"start":{"line":21,"column":28},"end":{"line":19,"column":20}},"type":"default-arg","locations":[{"start":{"line":21,"column":28},"end":{"line":19,"column":20}}]},"6":{"loc":{"start":{"line":22,"column":32},"end":{"line":19,"column":20}},"type":"default-arg","locations":[{"start":{"line":22,"column":32},"end":{"line":19,"column":20}}]},"7":{"loc":{"start":{"line":23,"column":27},"end":{"line":19,"column":20}},"type":"default-arg","locations":[{"start":{"line":23,"column":27},"end":{"line":19,"column":20}}]},"8":{"loc":{"start":{"line":25,"column":35},"end":{"line":25,"column":43}},"type":"binary-expr","locations":[{"start":{"line":25,"column":35},"end":{"line":25,"column":43}},{"start":{"line":25,"column":47},"end":{"line":25,"column":6}}]},"9":{"loc":{"start":{"line":27,"column":6},"end":{"line":29,"column":7}},"type":"if","locations":[{"start":{"line":27,"column":6},"end":{"line":29,"column":7}},{"start":{"line":27,"column":6},"end":{"line":29,"column":7}}]},"10":{"loc":{"start":{"line":31,"column":15},"end":{"line":31,"column":19}},"type":"binary-expr","locations":[{"start":{"line":31,"column":15},"end":{"line":31,"column":19}},{"start":{"line":31,"column":23},"end":{"line":31,"column":6}}]},"11":{"loc":{"start":{"line":41,"column":10},"end":{"line":40,"column":13}},"type":"cond-expr","locations":[{"start":{"line":41,"column":10},"end":{"line":40,"column":13}},{"start":{"line":44,"column":10},"end":{"line":40,"column":6}}]},"12":{"loc":{"start":{"line":52,"column":10},"end":{"line":51,"column":13}},"type":"cond-expr","locations":[{"start":{"line":52,"column":10},"end":{"line":51,"column":13}},{"start":{"line":55,"column":10},"end":{"line":51,"column":6}}]}},"s":{"0":16,"1":16,"2":27,"3":21,"4":21,"5":8,"6":8,"7":4,"8":8,"9":8,"10":8,"11":26,"12":10,"13":31},"f":{"0":26,"1":31},"b":{"0":[13],"1":[24],"2":[21,6],"3":[12,9],"4":[12,0,0],"5":[0],"6":[0],"7":[4],"8":[8,0],"9":[4,4],"10":[8,4],"11":[4,4],"12":[4,6]}}
,"/Users/michel/projects/explorer/src/mixins/index.ts": {"path":"/Users/michel/projects/explorer/src/mixins/index.ts","statementMap":{"0":{"start":{"line":1,"column":0},"end":{"line":null,"column":-1}},"1":{"start":{"line":4,"column":15},"end":{"line":4,"column":0}}},"fnMap":{},"branchMap":{},"s":{"0":11,"1":11},"f":{},"b":{}}
,"/Users/michel/projects/explorer/src/mixins/misc.ts": {"path":"/Users/michel/projects/explorer/src/mixins/misc.ts","statementMap":{"0":{"start":{"line":1,"column":0},"end":{"line":null,"column":-1}},"1":{"start":{"line":2,"column":0},"end":{"line":null,"column":-1}},"2":{"start":{"line":4,"column":15},"end":{"line":4,"column":0}},"3":{"start":{"line":9,"column":6},"end":{"line":null,"column":-1}},"4":{"start":{"line":16,"column":25},"end":{"line":16,"column":6}},"5":{"start":{"line":17,"column":6},"end":{"line":null,"column":-1}},"6":{"start":{"line":23,"column":6},"end":{"line":25,"column":7}},"7":{"start":{"line":24,"column":8},"end":{"line":null,"column":-1}},"8":{"start":{"line":27,"column":6},"end":{"line":null,"column":-1}}},"fnMap":{},"branchMap":{"0":{"loc":{"start":{"line":18,"column":10},"end":{"line":17,"column":13}},"type":"cond-expr","locations":[{"start":{"line":18,"column":10},"end":{"line":17,"column":13}},{"start":{"line":19,"column":10},"end":{"line":17,"column":6}}]},"1":{"loc":{"start":{"line":22,"column":51},"end":{"line":22,"column":18}},"type":"default-arg","locations":[{"start":{"line":22,"column":51},"end":{"line":22,"column":18}}]},"2":{"loc":{"start":{"line":22,"column":79},"end":{"line":22,"column":18}},"type":"default-arg","locations":[{"start":{"line":22,"column":79},"end":{"line":22,"column":18}}]},"3":{"loc":{"start":{"line":23,"column":6},"end":{"line":25,"column":7}},"type":"if","locations":[{"start":{"line":23,"column":6},"end":{"line":25,"column":7}},{"start":{"line":23,"column":6},"end":{"line":25,"column":7}}]}},"s":{"0":12,"1":12,"2":12,"3":1,"4":1,"5":1,"6":8,"7":2,"8":6},"f":{},"b":{"0":[1,0],"1":[3],"2":[6],"3":[2,6]}}
,"/Users/michel/projects/explorer/src/mixins/network.ts": {"path":"/Users/michel/projects/explorer/src/mixins/network.ts","statementMap":{"0":{"start":{"line":1,"column":0},"end":{"line":null,"column":-1}},"1":{"start":{"line":6,"column":6},"end":{"line":null,"column":-1}}},"fnMap":{},"branchMap":{"0":{"loc":{"start":{"line":6,"column":13},"end":{"line":6,"column":46}},"type":"binary-expr","locations":[{"start":{"line":6,"column":13},"end":{"line":6,"column":46}},{"start":{"line":6,"column":47},"end":{"line":6,"column":13}},{"start":{"line":6,"column":90},"end":{"line":6,"column":6}}]}},"s":{"0":14,"1":9},"f":{},"b":{"0":[9,8,7]}}
,"/Users/michel/projects/explorer/src/mixins/strings.ts": {"path":"/Users/michel/projects/explorer/src/mixins/strings.ts","statementMap":{"0":{"start":{"line":1,"column":0},"end":{"line":null,"column":-1}},"1":{"start":{"line":2,"column":0},"end":{"line":null,"column":-1}},"2":{"start":{"line":4,"column":15},"end":{"line":4,"column":0}},"3":{"start":{"line":9,"column":6},"end":{"line":null,"column":-1}},"4":{"start":{"line":11,"column":10},"end":{"line":null,"column":-1}},"5":{"start":{"line":14,"column":22},"end":{"line":14,"column":10}},"6":{"start":{"line":15,"column":35},"end":{"line":15,"column":10}},"7":{"start":{"line":16,"column":10},"end":{"line":null,"column":-1}},"8":{"start":{"line":21,"column":10},"end":{"line":null,"column":-1}},"9":{"start":{"line":24,"column":10},"end":{"line":null,"column":-1}},"10":{"start":{"line":29,"column":6},"end":{"line":null,"column":-1}},"11":{"start":{"line":33,"column":6},"end":{"line":39,"column":7}},"12":{"start":{"line":34,"column":8},"end":{"line":null,"column":-1}},"13":{"start":{"line":41,"column":6},"end":{"line":null,"column":-1}},"14":{"start":{"line":45,"column":6},"end":{"line":null,"column":-1}}},"fnMap":{},"branchMap":{"0":{"loc":{"start":{"line":8,"column":45},"end":{"line":8,"column":12}},"type":"default-arg","locations":[{"start":{"line":8,"column":45},"end":{"line":8,"column":12}}]},"1":{"loc":{"start":{"line":8,"column":73},"end":{"line":8,"column":12}},"type":"default-arg","locations":[{"start":{"line":8,"column":73},"end":{"line":8,"column":12}}]},"2":{"loc":{"start":{"line":10,"column":8},"end":{"line":11,"column":10}},"type":"switch","locations":[{"start":{"line":10,"column":8},"end":{"line":11,"column":10}},{"start":{"line":13,"column":8},"end":{"line":16,"column":10}},{"start":{"line":20,"column":8},"end":{"line":21,"column":10}},{"start":{"line":23,"column":8},"end":{"line":24,"column":10}}]},"3":{"loc":{"start":{"line":11,"column":41},"end":{"line":11,"column":17}},"type":"cond-expr","locations":[{"start":{"line":11,"column":41},"end":{"line":11,"column":17}},{"start":{"line":11,"column":90},"end":{"line":11,"column":10}}]},"4":{"loc":{"start":{"line":17,"column":14},"end":{"line":16,"column":17}},"type":"cond-expr","locations":[{"start":{"line":17,"column":14},"end":{"line":16,"column":17}},{"start":{"line":18,"column":14},"end":{"line":16,"column":10}}]},"5":{"loc":{"start":{"line":21,"column":41},"end":{"line":21,"column":17}},"type":"cond-expr","locations":[{"start":{"line":21,"column":41},"end":{"line":21,"column":17}},{"start":{"line":21,"column":78},"end":{"line":21,"column":10}}]},"6":{"loc":{"start":{"line":32,"column":55},"end":{"line":32,"column":20}},"type":"default-arg","locations":[{"start":{"line":32,"column":55},"end":{"line":32,"column":20}}]},"7":{"loc":{"start":{"line":33,"column":6},"end":{"line":39,"column":7}},"type":"if","locations":[{"start":{"line":33,"column":6},"end":{"line":39,"column":7}},{"start":{"line":33,"column":6},"end":{"line":39,"column":7}}]}},"s":{"0":16,"1":16,"2":16,"3":37,"4":1,"5":34,"6":34,"7":34,"8":1,"9":1,"10":4,"11":6,"12":4,"13":2,"14":3},"f":{},"b":{"0":[23],"1":[33],"2":[1,34,1,1],"3":[1,0],"4":[31,3],"5":[1,0],"6":[3],"7":[4,2]}}
,"/Users/michel/projects/explorer/src/router/index.ts": {"path":"/Users/michel/projects/explorer/src/router/index.ts","statementMap":{"0":{"start":{"line":1,"column":0},"end":{"line":null,"column":-1}},"1":{"start":{"line":2,"column":0},"end":{"line":null,"column":-1}},"2":{"start":{"line":5,"column":0},"end":{"line":null,"column":-1}},"3":{"start":{"line":6,"column":0},"end":{"line":null,"column":-1}},"4":{"start":{"line":9,"column":22},"end":{"line":9,"column":0}},"5":{"start":{"line":9,"column":22},"end":{"line":9,"column":-1}},"6":{"start":{"line":11,"column":23},"end":{"line":11,"column":0}},"7":{"start":{"line":11,"column":23},"end":{"line":11,"column":-1}},"8":{"start":{"line":13,"column":35},"end":{"line":13,"column":0}},"9":{"start":{"line":13,"column":35},"end":{"line":13,"column":-1}},"10":{"start":{"line":15,"column":24},"end":{"line":15,"column":0}},"11":{"start":{"line":15,"column":24},"end":{"line":15,"column":-1}},"12":{"start":{"line":17,"column":24},"end":{"line":17,"column":0}},"13":{"start":{"line":17,"column":24},"end":{"line":17,"column":-1}},"14":{"start":{"line":19,"column":30},"end":{"line":19,"column":0}},"15":{"start":{"line":19,"column":30},"end":{"line":19,"column":-1}},"16":{"start":{"line":21,"column":30},"end":{"line":21,"column":0}},"17":{"start":{"line":21,"column":30},"end":{"line":21,"column":-1}},"18":{"start":{"line":23,"column":36},"end":{"line":23,"column":0}},"19":{"start":{"line":23,"column":36},"end":{"line":23,"column":-1}},"20":{"start":{"line":25,"column":29},"end":{"line":25,"column":0}},"21":{"start":{"line":25,"column":29},"end":{"line":25,"column":-1}},"22":{"start":{"line":27,"column":30},"end":{"line":27,"column":0}},"23":{"start":{"line":27,"column":30},"end":{"line":27,"column":-1}},"24":{"start":{"line":29,"column":33},"end":{"line":29,"column":0}},"25":{"start":{"line":29,"column":33},"end":{"line":29,"column":-1}},"26":{"start":{"line":31,"column":28},"end":{"line":31,"column":0}},"27":{"start":{"line":31,"column":28},"end":{"line":31,"column":-1}},"28":{"start":{"line":33,"column":26},"end":{"line":33,"column":0}},"29":{"start":{"line":33,"column":26},"end":{"line":33,"column":-1}},"30":{"start":{"line":35,"column":0},"end":{"line":null,"column":-1}},"31":{"start":{"line":38,"column":2},"end":{"line":null,"column":-1}},"32":{"start":{"line":41,"column":15},"end":{"line":41,"column":0}},"33":{"start":{"line":48,"column":39},"end":{"line":48,"column":47}},"34":{"start":{"line":54,"column":39},"end":{"line":54,"column":47}},"35":{"start":{"line":58,"column":23},"end":{"line":58,"column":18}},"36":{"start":{"line":62,"column":39},"end":{"line":62,"column":47}},"37":{"start":{"line":68,"column":39},"end":{"line":68,"column":47}},"38":{"start":{"line":72,"column":23},"end":{"line":72,"column":18}},"39":{"start":{"line":76,"column":39},"end":{"line":76,"column":47}},"40":{"start":{"line":82,"column":39},"end":{"line":82,"column":47}},"41":{"start":{"line":86,"column":23},"end":{"line":86,"column":18}},"42":{"start":{"line":90,"column":39},"end":{"line":90,"column":47}},"43":{"start":{"line":94,"column":23},"end":{"line":94,"column":18}},"44":{"start":{"line":98,"column":39},"end":{"line":98,"column":47}},"45":{"start":{"line":104,"column":39},"end":{"line":104,"column":47}},"46":{"start":{"line":110,"column":39},"end":{"line":110,"column":47}},"47":{"start":{"line":114,"column":23},"end":{"line":114,"column":18}},"48":{"start":{"line":118,"column":39},"end":{"line":118,"column":47}},"49":{"start":{"line":124,"column":39},"end":{"line":124,"column":47}},"50":{"start":{"line":128,"column":23},"end":{"line":128,"column":18}},"51":{"start":{"line":129,"column":39},"end":{"line":129,"column":47}},"52":{"start":{"line":135,"column":39},"end":{"line":135,"column":47}},"53":{"start":{"line":141,"column":39},"end":{"line":141,"column":47}},"54":{"start":{"line":145,"column":23},"end":{"line":145,"column":18}},"55":{"start":{"line":146,"column":39},"end":{"line":146,"column":47}},"56":{"start":{"line":152,"column":39},"end":{"line":152,"column":47}},"57":{"start":{"line":158,"column":39},"end":{"line":158,"column":47}},"58":{"start":{"line":162,"column":23},"end":{"line":162,"column":18}},"59":{"start":{"line":163,"column":39},"end":{"line":163,"column":47}},"60":{"start":{"line":169,"column":39},"end":{"line":169,"column":47}},"61":{"start":{"line":175,"column":39},"end":{"line":175,"column":47}},"62":{"start":{"line":180,"column":39},"end":{"line":180,"column":47}},"63":{"start":{"line":185,"column":23},"end":{"line":185,"column":18}},"64":{"start":{"line":189,"column":39},"end":{"line":189,"column":47}},"65":{"start":{"line":193,"column":23},"end":{"line":193,"column":18}},"66":{"start":{"line":197,"column":39},"end":{"line":197,"column":47}},"67":{"start":{"line":202,"column":39},"end":{"line":202,"column":47}},"68":{"start":{"line":206,"column":23},"end":{"line":206,"column":18}},"69":{"start":{"line":207,"column":39},"end":{"line":207,"column":47}},"70":{"start":{"line":215,"column":4},"end":{"line":217,"column":5}},"71":{"start":{"line":216,"column":6},"end":{"line":null,"column":-1}},"72":{"start":{"line":219,"column":4},"end":{"line":null,"column":-1}},"73":{"start":{"line":223,"column":0},"end":{"line":null,"column":-1}},"74":{"start":{"line":224,"column":2},"end":{"line":null,"column":-1}},"75":{"start":{"line":225,"column":2},"end":{"line":null,"column":-1}},"76":{"start":{"line":226,"column":2},"end":{"line":null,"column":-1}},"77":{"start":{"line":227,"column":2},"end":{"line":null,"column":-1}},"78":{"start":{"line":229,"column":2},"end":{"line":229,"column":6}},"79":{"start":{"line":232,"column":0},"end":{"line":null,"column":-1}},"80":{"start":{"line":233,"column":2},"end":{"line":null,"column":-1}}},"fnMap":{"0":{"name":"(anonymous_0)","decl":{"start":{"line":9,"column":22},"end":{"line":9,"column":34}},"loc":{"start":{"line":9,"column":22},"end":{"line":9,"column":0}}},"1":{"name":"(anonymous_2)","decl":{"start":{"line":11,"column":23},"end":{"line":11,"column":35}},"loc":{"start":{"line":11,"column":23},"end":{"line":11,"column":0}}},"2":{"name":"(anonymous_4)","decl":{"start":{"line":13,"column":35},"end":{"line":13,"column":47}},"loc":{"start":{"line":13,"column":35},"end":{"line":13,"column":0}}},"3":{"name":"(anonymous_6)","decl":{"start":{"line":15,"column":24},"end":{"line":15,"column":36}},"loc":{"start":{"line":15,"column":24},"end":{"line":15,"column":0}}},"4":{"name":"(anonymous_8)","decl":{"start":{"line":17,"column":24},"end":{"line":17,"column":36}},"loc":{"start":{"line":17,"column":24},"end":{"line":17,"column":0}}},"5":{"name":"(anonymous_10)","decl":{"start":{"line":19,"column":30},"end":{"line":19,"column":42}},"loc":{"start":{"line":19,"column":30},"end":{"line":19,"column":0}}},"6":{"name":"(anonymous_12)","decl":{"start":{"line":21,"column":30},"end":{"line":21,"column":42}},"loc":{"start":{"line":21,"column":30},"end":{"line":21,"column":0}}},"7":{"name":"(anonymous_14)","decl":{"start":{"line":23,"column":36},"end":{"line":23,"column":48}},"loc":{"start":{"line":23,"column":36},"end":{"line":23,"column":0}}},"8":{"name":"(anonymous_16)","decl":{"start":{"line":25,"column":29},"end":{"line":25,"column":41}},"loc":{"start":{"line":25,"column":29},"end":{"line":25,"column":0}}},"9":{"name":"(anonymous_18)","decl":{"start":{"line":27,"column":30},"end":{"line":27,"column":42}},"loc":{"start":{"line":27,"column":30},"end":{"line":27,"column":0}}},"10":{"name":"(anonymous_20)","decl":{"start":{"line":29,"column":33},"end":{"line":29,"column":45}},"loc":{"start":{"line":29,"column":33},"end":{"line":29,"column":0}}},"11":{"name":"(anonymous_22)","decl":{"start":{"line":31,"column":28},"end":{"line":31,"column":40}},"loc":{"start":{"line":31,"column":28},"end":{"line":31,"column":0}}},"12":{"name":"(anonymous_24)","decl":{"start":{"line":33,"column":26},"end":{"line":33,"column":38}},"loc":{"start":{"line":33,"column":26},"end":{"line":33,"column":0}}},"13":{"name":"getTitle","decl":{"start":{"line":37,"column":9},"end":{"line":37,"column":0}},"loc":{"start":{"line":37,"column":31},"end":{"line":39,"column":1}}},"14":{"name":"(anonymous_27)","decl":{"start":{"line":48,"column":22},"end":{"line":48,"column":20}},"loc":{"start":{"line":48,"column":39},"end":{"line":48,"column":47}}},"15":{"name":"(anonymous_28)","decl":{"start":{"line":54,"column":22},"end":{"line":54,"column":20}},"loc":{"start":{"line":54,"column":39},"end":{"line":54,"column":47}}},"16":{"name":"(anonymous_29)","decl":{"start":{"line":58,"column":16},"end":{"line":58,"column":17}},"loc":{"start":{"line":58,"column":23},"end":{"line":58,"column":18}}},"17":{"name":"(anonymous_30)","decl":{"start":{"line":62,"column":22},"end":{"line":62,"column":20}},"loc":{"start":{"line":62,"column":39},"end":{"line":62,"column":47}}},"18":{"name":"(anonymous_31)","decl":{"start":{"line":68,"column":22},"end":{"line":68,"column":20}},"loc":{"start":{"line":68,"column":39},"end":{"line":68,"column":47}}},"19":{"name":"(anonymous_32)","decl":{"start":{"line":72,"column":16},"end":{"line":72,"column":17}},"loc":{"start":{"line":72,"column":23},"end":{"line":72,"column":18}}},"20":{"name":"(anonymous_33)","decl":{"start":{"line":76,"column":22},"end":{"line":76,"column":20}},"loc":{"start":{"line":76,"column":39},"end":{"line":76,"column":47}}},"21":{"name":"(anonymous_34)","decl":{"start":{"line":82,"column":22},"end":{"line":82,"column":20}},"loc":{"start":{"line":82,"column":39},"end":{"line":82,"column":47}}},"22":{"name":"(anonymous_35)","decl":{"start":{"line":86,"column":16},"end":{"line":86,"column":17}},"loc":{"start":{"line":86,"column":23},"end":{"line":86,"column":18}}},"23":{"name":"(anonymous_36)","decl":{"start":{"line":90,"column":22},"end":{"line":90,"column":20}},"loc":{"start":{"line":90,"column":39},"end":{"line":90,"column":47}}},"24":{"name":"(anonymous_37)","decl":{"start":{"line":94,"column":16},"end":{"line":94,"column":17}},"loc":{"start":{"line":94,"column":23},"end":{"line":94,"column":18}}},"25":{"name":"(anonymous_38)","decl":{"start":{"line":98,"column":22},"end":{"line":98,"column":20}},"loc":{"start":{"line":98,"column":39},"end":{"line":98,"column":47}}},"26":{"name":"(anonymous_39)","decl":{"start":{"line":104,"column":22},"end":{"line":104,"column":20}},"loc":{"start":{"line":104,"column":39},"end":{"line":104,"column":47}}},"27":{"name":"(anonymous_40)","decl":{"start":{"line":110,"column":22},"end":{"line":110,"column":20}},"loc":{"start":{"line":110,"column":39},"end":{"line":110,"column":47}}},"28":{"name":"(anonymous_41)","decl":{"start":{"line":114,"column":16},"end":{"line":114,"column":17}},"loc":{"start":{"line":114,"column":23},"end":{"line":114,"column":18}}},"29":{"name":"(anonymous_42)","decl":{"start":{"line":118,"column":22},"end":{"line":118,"column":20}},"loc":{"start":{"line":118,"column":39},"end":{"line":118,"column":47}}},"30":{"name":"(anonymous_43)","decl":{"start":{"line":124,"column":22},"end":{"line":124,"column":20}},"loc":{"start":{"line":124,"column":39},"end":{"line":124,"column":47}}},"31":{"name":"(anonymous_44)","decl":{"start":{"line":128,"column":16},"end":{"line":128,"column":17}},"loc":{"start":{"line":128,"column":23},"end":{"line":128,"column":18}}},"32":{"name":"(anonymous_45)","decl":{"start":{"line":129,"column":22},"end":{"line":129,"column":20}},"loc":{"start":{"line":129,"column":39},"end":{"line":129,"column":47}}},"33":{"name":"(anonymous_46)","decl":{"start":{"line":135,"column":22},"end":{"line":135,"column":20}},"loc":{"start":{"line":135,"column":39},"end":{"line":135,"column":47}}},"34":{"name":"(anonymous_47)","decl":{"start":{"line":141,"column":22},"end":{"line":141,"column":20}},"loc":{"start":{"line":141,"column":39},"end":{"line":141,"column":47}}},"35":{"name":"(anonymous_48)","decl":{"start":{"line":145,"column":16},"end":{"line":145,"column":17}},"loc":{"start":{"line":145,"column":23},"end":{"line":145,"column":18}}},"36":{"name":"(anonymous_49)","decl":{"start":{"line":146,"column":22},"end":{"line":146,"column":20}},"loc":{"start":{"line":146,"column":39},"end":{"line":146,"column":47}}},"37":{"name":"(anonymous_50)","decl":{"start":{"line":152,"column":22},"end":{"line":152,"column":20}},"loc":{"start":{"line":152,"column":39},"end":{"line":152,"column":47}}},"38":{"name":"(anonymous_51)","decl":{"start":{"line":158,"column":22},"end":{"line":158,"column":20}},"loc":{"start":{"line":158,"column":39},"end":{"line":158,"column":47}}},"39":{"name":"(anonymous_52)","decl":{"start":{"line":162,"column":16},"end":{"line":162,"column":17}},"loc":{"start":{"line":162,"column":23},"end":{"line":162,"column":18}}},"40":{"name":"(anonymous_53)","decl":{"start":{"line":163,"column":22},"end":{"line":163,"column":20}},"loc":{"start":{"line":163,"column":39},"end":{"line":163,"column":47}}},"41":{"name":"(anonymous_54)","decl":{"start":{"line":169,"column":22},"end":{"line":169,"column":20}},"loc":{"start":{"line":169,"column":39},"end":{"line":169,"column":47}}},"42":{"name":"(anonymous_55)","decl":{"start":{"line":175,"column":22},"end":{"line":175,"column":20}},"loc":{"start":{"line":175,"column":39},"end":{"line":175,"column":47}}},"43":{"name":"(anonymous_56)","decl":{"start":{"line":180,"column":22},"end":{"line":180,"column":20}},"loc":{"start":{"line":180,"column":39},"end":{"line":180,"column":47}}},"44":{"name":"(anonymous_57)","decl":{"start":{"line":185,"column":16},"end":{"line":185,"column":17}},"loc":{"start":{"line":185,"column":23},"end":{"line":185,"column":18}}},"45":{"name":"(anonymous_58)","decl":{"start":{"line":189,"column":22},"end":{"line":189,"column":20}},"loc":{"start":{"line":189,"column":39},"end":{"line":189,"column":47}}},"46":{"name":"(anonymous_59)","decl":{"start":{"line":193,"column":16},"end":{"line":193,"column":17}},"loc":{"start":{"line":193,"column":23},"end":{"line":193,"column":18}}},"47":{"name":"(anonymous_60)","decl":{"start":{"line":197,"column":22},"end":{"line":197,"column":20}},"loc":{"start":{"line":197,"column":39},"end":{"line":197,"column":47}}},"48":{"name":"(anonymous_61)","decl":{"start":{"line":202,"column":22},"end":{"line":202,"column":20}},"loc":{"start":{"line":202,"column":39},"end":{"line":202,"column":47}}},"49":{"name":"(anonymous_62)","decl":{"start":{"line":206,"column":16},"end":{"line":206,"column":17}},"loc":{"start":{"line":206,"column":23},"end":{"line":206,"column":18}}},"50":{"name":"(anonymous_63)","decl":{"start":{"line":207,"column":22},"end":{"line":207,"column":20}},"loc":{"start":{"line":207,"column":39},"end":{"line":207,"column":47}}},"51":{"name":"(anonymous_64)","decl":{"start":{"line":223,"column":18},"end":{"line":223,"column":19}},"loc":{"start":{"line":223,"column":63},"end":{"line":223,"column":0}}},"52":{"name":"(anonymous_65)","decl":{"start":{"line":232,"column":17},"end":{"line":232,"column":21}},"loc":{"start":{"line":232,"column":22},"end":{"line":232,"column":0}}}},"branchMap":{"0":{"loc":{"start":{"line":215,"column":4},"end":{"line":217,"column":5}},"type":"if","locations":[{"start":{"line":215,"column":4},"end":{"line":217,"column":5}},{"start":{"line":215,"column":4},"end":{"line":217,"column":5}}]},"1":{"loc":{"start":{"line":215,"column":8},"end":{"line":215,"column":10}},"type":"binary-expr","locations":[{"start":{"line":215,"column":8},"end":{"line":215,"column":10}},{"start":{"line":215,"column":14},"end":{"line":215,"column":8}},{"start":{"line":215,"column":27},"end":{"line":215,"column":4}}]}},"s":{"0":1,"1":1,"2":1,"3":1,"4":2,"5":1,"6":1,"7":0,"8":1,"9":0,"10":1,"11":0,"12":1,"13":0,"14":1,"15":0,"16":1,"17":0,"18":1,"19":0,"20":1,"21":0,"22":1,"23":0,"24":1,"25":0,"26":1,"27":0,"28":1,"29":0,"30":1,"31":1,"32":1,"33":1,"34":0,"35":0,"36":0,"37":0,"38":0,"39":0,"40":0,"41":0,"42":0,"43":0,"44":0,"45":0,"46":0,"47":0,"48":0,"49":0,"50":0,"51":0,"52":0,"53":0,"54":0,"55":0,"56":0,"57":0,"58":0,"59":0,"60":0,"61":0,"62":0,"63":0,"64":0,"65":0,"66":0,"67":0,"68":0,"69":0,"70":0,"71":0,"72":0,"73":1,"74":1,"75":1,"76":1,"77":1,"78":1,"79":1,"80":1},"f":{"0":2,"1":0,"2":0,"3":0,"4":0,"5":0,"6":0,"7":0,"8":0,"9":0,"10":0,"11":0,"12":0,"13":1,"14":1,"15":0,"16":0,"17":0,"18":0,"19":0,"20":0,"21":0,"22":0,"23":0,"24":0,"25":0,"26":0,"27":0,"28":0,"29":0,"30":0,"31":0,"32":0,"33":0,"34":0,"35":0,"36":0,"37":0,"38":0,"39":0,"40":0,"41":0,"42":0,"43":0,"44":0,"45":0,"46":0,"47":0,"48":0,"49":0,"50":0,"51":1,"52":1},"b":{"0":[0,0],"1":[0,0,0]}}
,"/Users/michel/projects/explorer/src/services/api.ts": {"path":"/Users/michel/projects/explorer/src/services/api.ts","statementMap":{"0":{"start":{"line":1,"column":0},"end":{"line":null,"column":-1}},"1":{"start":{"line":2,"column":0},"end":{"line":null,"column":-1}},"2":{"start":{"line":7,"column":19},"end":{"line":7,"column":4}},"3":{"start":{"line":9,"column":21},"end":{"line":9,"column":4}},"4":{"start":{"line":11,"column":4},"end":{"line":13,"column":5}},"5":{"start":{"line":12,"column":6},"end":{"line":null,"column":-1}},"6":{"start":{"line":15,"column":4},"end":{"line":null,"column":-1}},"7":{"start":{"line":19,"column":4},"end":{"line":23,"column":5}},"8":{"start":{"line":20,"column":6},"end":{"line":null,"column":-1}},"9":{"start":{"line":25,"column":19},"end":{"line":25,"column":4}},"10":{"start":{"line":27,"column":21},"end":{"line":27,"column":4}},"11":{"start":{"line":29,"column":4},"end":{"line":31,"column":5}},"12":{"start":{"line":30,"column":6},"end":{"line":null,"column":-1}},"13":{"start":{"line":33,"column":4},"end":{"line":null,"column":-1}}},"fnMap":{"0":{"name":"(anonymous_0)","decl":{"start":{"line":6,"column":9},"end":{"line":6,"column":14}},"loc":{"start":{"line":6,"column":63},"end":{"line":16,"column":3}}},"1":{"name":"(anonymous_1)","decl":{"start":{"line":18,"column":9},"end":{"line":18,"column":14}},"loc":{"start":{"line":18,"column":75},"end":{"line":34,"column":3}}}},"branchMap":{"0":{"loc":{"start":{"line":6,"column":61},"end":{"line":6,"column":9}},"type":"default-arg","locations":[{"start":{"line":6,"column":61},"end":{"line":6,"column":9}}]},"1":{"loc":{"start":{"line":11,"column":4},"end":{"line":13,"column":5}},"type":"if","locations":[{"start":{"line":11,"column":4},"end":{"line":13,"column":5}},{"start":{"line":11,"column":4},"end":{"line":13,"column":5}}]},"2":{"loc":{"start":{"line":18,"column":40},"end":{"line":18,"column":9}},"type":"default-arg","locations":[{"start":{"line":18,"column":40},"end":{"line":18,"column":9}}]},"3":{"loc":{"start":{"line":18,"column":73},"end":{"line":18,"column":9}},"type":"default-arg","locations":[{"start":{"line":18,"column":73},"end":{"line":18,"column":9}}]},"4":{"loc":{"start":{"line":19,"column":4},"end":{"line":23,"column":5}},"type":"if","locations":[{"start":{"line":19,"column":4},"end":{"line":23,"column":5}},{"start":{"line":19,"column":4},"end":{"line":23,"column":5}}]},"5":{"loc":{"start":{"line":29,"column":4},"end":{"line":31,"column":5}},"type":"if","locations":[{"start":{"line":29,"column":4},"end":{"line":31,"column":5}},{"start":{"line":29,"column":4},"end":{"line":31,"column":5}}]}},"s":{"0":9,"1":9,"2":73,"3":73,"4":53,"5":0,"6":53,"7":0,"8":0,"9":0,"10":0,"11":0,"12":0,"13":0},"f":{"0":73,"1":0},"b":{"0":[24],"1":[0,53],"2":[0],"3":[0],"4":[0,0],"5":[0,0]}}
,"/Users/michel/projects/explorer/src/services/block.ts": {"path":"/Users/michel/projects/explorer/src/services/block.ts","statementMap":{"0":{"start":{"line":1,"column":0},"end":{"line":null,"column":-1}},"1":{"start":{"line":6,"column":22},"end":{"line":6,"column":4}},"2":{"start":{"line":12,"column":4},"end":{"line":null,"column":-1}},"3":{"start":{"line":16,"column":22},"end":{"line":16,"column":4}},"4":{"start":{"line":22,"column":4},"end":{"line":null,"column":-1}},"5":{"start":{"line":26,"column":22},"end":{"line":26,"column":4}},"6":{"start":{"line":28,"column":4},"end":{"line":null,"column":-1}},"7":{"start":{"line":32,"column":22},"end":{"line":32,"column":4}},"8":{"start":{"line":39,"column":4},"end":{"line":null,"column":-1}},"9":{"start":{"line":43,"column":22},"end":{"line":43,"column":4}},"10":{"start":{"line":50,"column":4},"end":{"line":null,"column":-1}},"11":{"start":{"line":54,"column":22},"end":{"line":54,"column":4}},"12":{"start":{"line":60,"column":4},"end":{"line":null,"column":-1}},"13":{"start":{"line":64,"column":22},"end":{"line":64,"column":4}},"14":{"start":{"line":70,"column":4},"end":{"line":null,"column":-1}}},"fnMap":{"0":{"name":"(anonymous_0)","decl":{"start":{"line":5,"column":9},"end":{"line":5,"column":14}},"loc":{"start":{"line":5,"column":40},"end":{"line":13,"column":3}}},"1":{"name":"(anonymous_1)","decl":{"start":{"line":15,"column":9},"end":{"line":15,"column":14}},"loc":{"start":{"line":15,"column":19},"end":{"line":23,"column":3}}},"2":{"name":"(anonymous_2)","decl":{"start":{"line":25,"column":9},"end":{"line":25,"column":14}},"loc":{"start":{"line":25,"column":30},"end":{"line":29,"column":3}}},"3":{"name":"(anonymous_3)","decl":{"start":{"line":31,"column":9},"end":{"line":31,"column":14}},"loc":{"start":{"line":31,"column":48},"end":{"line":40,"column":3}}},"4":{"name":"(anonymous_4)","decl":{"start":{"line":42,"column":9},"end":{"line":42,"column":14}},"loc":{"start":{"line":42,"column":66},"end":{"line":51,"column":3}}},"5":{"name":"(anonymous_5)","decl":{"start":{"line":53,"column":9},"end":{"line":53,"column":14}},"loc":{"start":{"line":53,"column":42},"end":{"line":61,"column":3}}},"6":{"name":"(anonymous_6)","decl":{"start":{"line":63,"column":9},"end":{"line":63,"column":14}},"loc":{"start":{"line":63,"column":38},"end":{"line":71,"column":3}}}},"branchMap":{"0":{"loc":{"start":{"line":5,"column":38},"end":{"line":5,"column":9}},"type":"default-arg","locations":[{"start":{"line":5,"column":38},"end":{"line":5,"column":9}}]},"1":{"loc":{"start":{"line":31,"column":46},"end":{"line":31,"column":9}},"type":"default-arg","locations":[{"start":{"line":31,"column":46},"end":{"line":31,"column":9}}]},"2":{"loc":{"start":{"line":42,"column":64},"end":{"line":42,"column":9}},"type":"default-arg","locations":[{"start":{"line":42,"column":64},"end":{"line":42,"column":9}}]}},"s":{"0":5,"1":1,"2":1,"3":1,"4":1,"5":4,"6":2,"7":1,"8":1,"9":2,"10":1,"11":4,"12":1,"13":4,"14":2},"f":{"0":1,"1":1,"2":4,"3":1,"4":2,"5":4,"6":4},"b":{"0":[1],"1":[1],"2":[2]}}
,"/Users/michel/projects/explorer/src/services/blockchain.ts": {"path":"/Users/michel/projects/explorer/src/services/blockchain.ts","statementMap":{"0":{"start":{"line":1,"column":0},"end":{"line":null,"column":-1}},"1":{"start":{"line":6,"column":22},"end":{"line":6,"column":4}},"2":{"start":{"line":7,"column":4},"end":{"line":null,"column":-1}},"3":{"start":{"line":11,"column":22},"end":{"line":11,"column":4}},"4":{"start":{"line":12,"column":4},"end":{"line":null,"column":-1}}},"fnMap":{"0":{"name":"(anonymous_0)","decl":{"start":{"line":5,"column":9},"end":{"line":5,"column":14}},"loc":{"start":{"line":5,"column":21},"end":{"line":8,"column":3}}},"1":{"name":"(anonymous_1)","decl":{"start":{"line":10,"column":9},"end":{"line":10,"column":14}},"loc":{"start":{"line":10,"column":21},"end":{"line":13,"column":3}}}},"branchMap":{},"s":{"0":4,"1":1,"2":1,"3":1,"4":1},"f":{"0":1,"1":1},"b":{}}
,"/Users/michel/projects/explorer/src/services/crypto-compare.ts": {"path":"/Users/michel/projects/explorer/src/services/crypto-compare.ts","statementMap":{"0":{"start":{"line":1,"column":0},"end":{"line":null,"column":-1}},"1":{"start":{"line":2,"column":0},"end":{"line":null,"column":-1}},"2":{"start":{"line":3,"column":0},"end":{"line":null,"column":-1}},"3":{"start":{"line":5,"column":24},"end":{"line":5,"column":0}},"4":{"start":{"line":8,"column":32},"end":{"line":8,"column":0}},"5":{"start":{"line":9,"column":25},"end":{"line":9,"column":0}},"6":{"start":{"line":11,"column":16},"end":{"line":11,"column":0}},"7":{"start":{"line":13,"column":0},"end":{"line":null,"column":-1}},"8":{"start":{"line":14,"column":2},"end":{"line":null,"column":-1}},"9":{"start":{"line":15,"column":21},"end":{"line":15,"column":4}},"10":{"start":{"line":16,"column":6},"end":{"line":20,"column":7}},"11":{"start":{"line":17,"column":8},"end":{"line":null,"column":-1}},"12":{"start":{"line":18,"column":8},"end":{"line":null,"column":-1}},"13":{"start":{"line":19,"column":8},"end":{"line":null,"column":-1}},"14":{"start":{"line":25,"column":0},"end":{"line":null,"column":-1}},"15":{"start":{"line":27,"column":4},"end":{"line":null,"column":-1}},"16":{"start":{"line":28,"column":4},"end":{"line":null,"column":-1}},"17":{"start":{"line":31,"column":4},"end":{"line":null,"column":-1}},"18":{"start":{"line":32,"column":4},"end":{"line":null,"column":-1}},"19":{"start":{"line":40,"column":4},"end":{"line":null,"column":-1}},"20":{"start":{"line":44,"column":21},"end":{"line":44,"column":4}},"21":{"start":{"line":45,"column":4},"end":{"line":47,"column":5}},"22":{"start":{"line":46,"column":6},"end":{"line":null,"column":-1}},"23":{"start":{"line":51,"column":4},"end":{"line":null,"column":-1}},"24":{"start":{"line":55,"column":4},"end":{"line":null,"column":-1}},"25":{"start":{"line":59,"column":4},"end":{"line":null,"column":-1}},"26":{"start":{"line":63,"column":4},"end":{"line":null,"column":-1}},"27":{"start":{"line":67,"column":4},"end":{"line":null,"column":-1}},"28":{"start":{"line":75,"column":17},"end":{"line":75,"column":4}},"29":{"start":{"line":76,"column":18},"end":{"line":76,"column":4}},"30":{"start":{"line":78,"column":25},"end":{"line":78,"column":4}},"31":{"start":{"line":79,"column":4},"end":{"line":81,"column":5}},"32":{"start":{"line":80,"column":6},"end":{"line":null,"column":-1}},"33":{"start":{"line":83,"column":21},"end":{"line":83,"column":4}},"34":{"start":{"line":92,"column":4},"end":{"line":null,"column":-1}},"35":{"start":{"line":96,"column":25},"end":{"line":96,"column":4}},"36":{"start":{"line":97,"column":4},"end":{"line":99,"column":5}},"37":{"start":{"line":98,"column":6},"end":{"line":null,"column":-1}},"38":{"start":{"line":101,"column":13},"end":{"line":101,"column":4}},"39":{"start":{"line":104,"column":4},"end":{"line":null,"column":-1}},"40":{"start":{"line":106,"column":27},"end":{"line":106,"column":4}},"41":{"start":{"line":107,"column":27},"end":{"line":107,"column":4}},"42":{"start":{"line":109,"column":4},"end":{"line":111,"column":5}},"43":{"start":{"line":110,"column":6},"end":{"line":null,"column":-1}},"44":{"start":{"line":113,"column":18},"end":{"line":113,"column":4}},"45":{"start":{"line":114,"column":18},"end":{"line":114,"column":4}},"46":{"start":{"line":116,"column":4},"end":{"line":124,"column":5}},"47":{"start":{"line":117,"column":6},"end":{"line":null,"column":-1}},"48":{"start":{"line":123,"column":6},"end":{"line":null,"column":-1}},"49":{"start":{"line":126,"column":21},"end":{"line":126,"column":4}},"50":{"start":{"line":134,"column":4},"end":{"line":136,"column":5}},"51":{"start":{"line":135,"column":6},"end":{"line":null,"column":-1}},"52":{"start":{"line":138,"column":17},"end":{"line":138,"column":4}},"53":{"start":{"line":140,"column":4},"end":{"line":null,"column":-1}},"54":{"start":{"line":146,"column":4},"end":{"line":null,"column":-1}},"55":{"start":{"line":150,"column":4},"end":{"line":null,"column":-1}},"56":{"start":{"line":152,"column":8},"end":{"line":null,"column":-1}},"57":{"start":{"line":37,"column":16},"end":{"line":null,"column":-1}},"58":{"start":{"line":159,"column":0},"end":{"line":null,"column":-1}}},"fnMap":{"0":{"name":"(anonymous_0)","decl":{"start":{"line":13,"column":33},"end":{"line":13,"column":38}},"loc":{"start":{"line":13,"column":42},"end":{"line":13,"column":0}}},"1":{"name":"(anonymous_1)","decl":{"start":{"line":14,"column":21},"end":{"line":14,"column":22}},"loc":{"start":{"line":14,"column":41},"end":{"line":14,"column":9}}},"2":{"name":"(anonymous_2)","decl":{"start":{"line":15,"column":33},"end":{"line":15,"column":37}},"loc":{"start":{"line":15,"column":38},"end":{"line":15,"column":32}}},"3":{"name":"(anonymous_3)","decl":{"start":{"line":26,"column":2},"end":{"line":26,"column":9}},"loc":{"start":{"line":26,"column":13},"end":{"line":25,"column":0}}},"4":{"name":"(anonymous_4)","decl":{"start":{"line":30,"column":2},"end":{"line":30,"column":6}},"loc":{"start":{"line":30,"column":10},"end":{"line":25,"column":0}}},"5":{"name":"(anonymous_5)","decl":{"start":{"line":39,"column":9},"end":{"line":39,"column":14}},"loc":{"start":{"line":39,"column":45},"end":{"line":41,"column":3}}},"6":{"name":"(anonymous_6)","decl":{"start":{"line":43,"column":9},"end":{"line":43,"column":14}},"loc":{"start":{"line":43,"column":37},"end":{"line":48,"column":3}}},"7":{"name":"(anonymous_7)","decl":{"start":{"line":50,"column":9},"end":{"line":50,"column":14}},"loc":{"start":{"line":50,"column":18},"end":{"line":52,"column":3}}},"8":{"name":"(anonymous_8)","decl":{"start":{"line":54,"column":9},"end":{"line":54,"column":14}},"loc":{"start":{"line":54,"column":19},"end":{"line":56,"column":3}}},"9":{"name":"(anonymous_9)","decl":{"start":{"line":58,"column":9},"end":{"line":58,"column":14}},"loc":{"start":{"line":58,"column":20},"end":{"line":60,"column":3}}},"10":{"name":"(anonymous_10)","decl":{"start":{"line":62,"column":9},"end":{"line":62,"column":14}},"loc":{"start":{"line":62,"column":22},"end":{"line":64,"column":3}}},"11":{"name":"(anonymous_11)","decl":{"start":{"line":66,"column":9},"end":{"line":66,"column":14}},"loc":{"start":{"line":66,"column":19},"end":{"line":68,"column":3}}},"12":{"name":"(anonymous_12)","decl":{"start":{"line":70,"column":9},"end":{"line":70,"column":14}},"loc":{"start":{"line":73,"column":26},"end":{"line":93,"column":3}}},"13":{"name":"(anonymous_13)","decl":{"start":{"line":95,"column":9},"end":{"line":95,"column":14}},"loc":{"start":{"line":95,"column":45},"end":{"line":147,"column":3}}},"14":{"name":"(anonymous_14)","decl":{"start":{"line":149,"column":9},"end":{"line":149,"column":17}},"loc":{"start":{"line":149,"column":56},"end":{"line":156,"column":3}}},"15":{"name":"(anonymous_15)","decl":{"start":{"line":151,"column":28},"end":{"line":151,"column":26}},"loc":{"start":{"line":151,"column":42},"end":{"line":151,"column":14}}}},"branchMap":{"0":{"loc":{"start":{"line":16,"column":6},"end":{"line":20,"column":7}},"type":"if","locations":[{"start":{"line":16,"column":6},"end":{"line":20,"column":7}},{"start":{"line":16,"column":6},"end":{"line":20,"column":7}}]},"1":{"loc":{"start":{"line":45,"column":4},"end":{"line":47,"column":5}},"type":"if","locations":[{"start":{"line":45,"column":4},"end":{"line":47,"column":5}},{"start":{"line":45,"column":4},"end":{"line":47,"column":5}}]},"2":{"loc":{"start":{"line":79,"column":4},"end":{"line":81,"column":5}},"type":"if","locations":[{"start":{"line":79,"column":4},"end":{"line":81,"column":5}},{"start":{"line":79,"column":4},"end":{"line":81,"column":5}}]},"3":{"loc":{"start":{"line":97,"column":4},"end":{"line":99,"column":5}},"type":"if","locations":[{"start":{"line":97,"column":4},"end":{"line":99,"column":5}},{"start":{"line":97,"column":4},"end":{"line":99,"column":5}}]},"4":{"loc":{"start":{"line":109,"column":4},"end":{"line":111,"column":5}},"type":"if","locations":[{"start":{"line":109,"column":4},"end":{"line":111,"column":5}},{"start":{"line":109,"column":4},"end":{"line":111,"column":5}}]},"5":{"loc":{"start":{"line":109,"column":8},"end":{"line":109,"column":7}},"type":"binary-expr","locations":[{"start":{"line":109,"column":8},"end":{"line":109,"column":7}},{"start":{"line":109,"column":48},"end":{"line":109,"column":4}}]},"6":{"loc":{"start":{"line":116,"column":4},"end":{"line":124,"column":5}},"type":"if","locations":[{"start":{"line":116,"column":4},"end":{"line":124,"column":5}},{"start":{"line":116,"column":4},"end":{"line":124,"column":5}}]},"7":{"loc":{"start":{"line":116,"column":8},"end":{"line":116,"column":13}},"type":"binary-expr","locations":[{"start":{"line":116,"column":8},"end":{"line":116,"column":13}},{"start":{"line":116,"column":17},"end":{"line":116,"column":4}}]},"8":{"loc":{"start":{"line":134,"column":4},"end":{"line":136,"column":5}},"type":"if","locations":[{"start":{"line":134,"column":4},"end":{"line":136,"column":5}},{"start":{"line":134,"column":4},"end":{"line":136,"column":5}}]}},"s":{"0":7,"1":7,"2":7,"3":7,"4":7,"5":7,"6":7,"7":7,"8":9,"9":9,"10":9,"11":9,"12":9,"13":9,"14":7,"15":9,"16":9,"17":0,"18":0,"19":9,"20":1,"21":1,"22":1,"23":1,"24":1,"25":1,"26":1,"27":2,"28":6,"29":6,"30":6,"31":6,"32":5,"33":6,"34":6,"35":3,"36":3,"37":1,"38":2,"39":2,"40":2,"41":2,"42":2,"43":0,"44":2,"45":2,"46":2,"47":0,"48":0,"49":2,"50":2,"51":1,"52":1,"53":1,"54":1,"55":6,"56":917,"57":7,"58":7},"f":{"0":9,"1":9,"2":9,"3":9,"4":0,"5":9,"6":1,"7":1,"8":1,"9":1,"10":1,"11":2,"12":6,"13":3,"14":6,"15":917},"b":{"0":[9,0],"1":[1,0],"2":[5,1],"3":[1,2],"4":[0,2],"5":[2,1],"6":[0,2],"7":[2,0],"8":[1,1]}}
,"/Users/michel/projects/explorer/src/services/delegate.ts": {"path":"/Users/michel/projects/explorer/src/services/delegate.ts","statementMap":{"0":{"start":{"line":1,"column":0},"end":{"line":null,"column":-1}},"1":{"start":{"line":2,"column":0},"end":{"line":null,"column":-1}},"2":{"start":{"line":7,"column":22},"end":{"line":7,"column":4}},"3":{"start":{"line":13,"column":21},"end":{"line":13,"column":4}},"4":{"start":{"line":15,"column":4},"end":{"line":23,"column":5}},"5":{"start":{"line":16,"column":6},"end":{"line":null,"column":-1}},"6":{"start":{"line":25,"column":20},"end":{"line":25,"column":4}},"7":{"start":{"line":27,"column":4},"end":{"line":null,"column":-1}},"8":{"start":{"line":27,"column":67},"end":{"line":27,"column":45}},"9":{"start":{"line":31,"column":22},"end":{"line":31,"column":4}},"10":{"start":{"line":38,"column":4},"end":{"line":null,"column":-1}},"11":{"start":{"line":42,"column":22},"end":{"line":42,"column":4}},"12":{"start":{"line":56,"column":4},"end":{"line":null,"column":-1}},"13":{"start":{"line":60,"column":22},"end":{"line":60,"column":4}},"14":{"start":{"line":61,"column":4},"end":{"line":null,"column":-1}},"15":{"start":{"line":65,"column":28},"end":{"line":65,"column":4}},"16":{"start":{"line":66,"column":19},"end":{"line":66,"column":4}},"17":{"start":{"line":68,"column":22},"end":{"line":68,"column":4}},"18":{"start":{"line":74,"column":4},"end":{"line":null,"column":-1}},"19":{"start":{"line":75,"column":6},"end":{"line":null,"column":-1}},"20":{"start":{"line":77,"column":6},"end":{"line":null,"column":-1}},"21":{"start":{"line":82,"column":28},"end":{"line":82,"column":4}},"22":{"start":{"line":84,"column":22},"end":{"line":84,"column":4}},"23":{"start":{"line":91,"column":4},"end":{"line":null,"column":-1}},"24":{"start":{"line":95,"column":28},"end":{"line":95,"column":4}},"25":{"start":{"line":97,"column":22},"end":{"line":97,"column":4}},"26":{"start":{"line":103,"column":4},"end":{"line":null,"column":-1}},"27":{"start":{"line":104,"column":6},"end":{"line":null,"column":-1}},"28":{"start":{"line":112,"column":22},"end":{"line":112,"column":4}},"29":{"start":{"line":117,"column":4},"end":{"line":null,"column":-1}}},"fnMap":{"0":{"name":"(anonymous_0)","decl":{"start":{"line":6,"column":9},"end":{"line":6,"column":14}},"loc":{"start":{"line":6,"column":18},"end":{"line":28,"column":3}}},"1":{"name":"(anonymous_1)","decl":{"start":{"line":27,"column":57},"end":{"line":27,"column":62}},"loc":{"start":{"line":27,"column":67},"end":{"line":27,"column":45}}},"2":{"name":"(anonymous_2)","decl":{"start":{"line":30,"column":9},"end":{"line":30,"column":14}},"loc":{"start":{"line":30,"column":61},"end":{"line":39,"column":3}}},"3":{"name":"(anonymous_3)","decl":{"start":{"line":41,"column":9},"end":{"line":41,"column":14}},"loc":{"start":{"line":41,"column":79},"end":{"line":57,"column":3}}},"4":{"name":"(anonymous_4)","decl":{"start":{"line":59,"column":9},"end":{"line":59,"column":14}},"loc":{"start":{"line":59,"column":33},"end":{"line":62,"column":3}}},"5":{"name":"(anonymous_5)","decl":{"start":{"line":64,"column":9},"end":{"line":64,"column":14}},"loc":{"start":{"line":64,"column":21},"end":{"line":79,"column":3}}},"6":{"name":"(anonymous_6)","decl":{"start":{"line":74,"column":29},"end":{"line":74,"column":36}},"loc":{"start":{"line":74,"column":40},"end":{"line":74,"column":11}}},"7":{"name":"(anonymous_7)","decl":{"start":{"line":81,"column":9},"end":{"line":81,"column":14}},"loc":{"start":{"line":81,"column":22},"end":{"line":92,"column":3}}},"8":{"name":"(anonymous_8)","decl":{"start":{"line":94,"column":9},"end":{"line":94,"column":14}},"loc":{"start":{"line":94,"column":21},"end":{"line":109,"column":3}}},"9":{"name":"(anonymous_9)","decl":{"start":{"line":103,"column":29},"end":{"line":103,"column":30}},"loc":{"start":{"line":103,"column":49},"end":{"line":103,"column":11}}},"10":{"name":"(anonymous_10)","decl":{"start":{"line":111,"column":9},"end":{"line":111,"column":14}},"loc":{"start":{"line":111,"column":35},"end":{"line":118,"column":3}}}},"branchMap":{"0":{"loc":{"start":{"line":30,"column":59},"end":{"line":30,"column":9}},"type":"default-arg","locations":[{"start":{"line":30,"column":59},"end":{"line":30,"column":9}}]},"1":{"loc":{"start":{"line":41,"column":75},"end":{"line":41,"column":9}},"type":"default-arg","locations":[{"start":{"line":41,"column":75},"end":{"line":41,"column":9}}]},"2":{"loc":{"start":{"line":46,"column":37},"end":{"line":46,"column":34}},"type":"cond-expr","locations":[{"start":{"line":46,"column":37},"end":{"line":46,"column":34}},{"start":{"line":46,"column":43},"end":{"line":null,"column":-1}}]}},"s":{"0":3,"1":3,"2":1,"3":1,"4":1,"5":10,"6":1,"7":1,"8":10,"9":2,"10":1,"11":0,"12":0,"13":8,"14":4,"15":1,"16":1,"17":1,"18":1,"19":51,"20":51,"21":1,"22":1,"23":1,"24":1,"25":1,"26":1,"27":51,"28":1,"29":1},"f":{"0":1,"1":10,"2":2,"3":0,"4":8,"5":1,"6":51,"7":1,"8":1,"9":51,"10":1},"b":{"0":[2],"1":[0],"2":[0,0]}}
,"/Users/michel/projects/explorer/src/services/event-bus.ts": {"path":"/Users/michel/projects/explorer/src/services/event-bus.ts","statementMap":{"0":{"start":{"line":1,"column":0},"end":{"line":null,"column":-1}}},"fnMap":{},"branchMap":{},"s":{"0":0},"f":{},"b":{}}
,"/Users/michel/projects/explorer/src/services/forging.ts": {"path":"/Users/michel/projects/explorer/src/services/forging.ts","statementMap":{"0":{"start":{"line":1,"column":0},"end":{"line":null,"column":-1}},"1":{"start":{"line":4,"column":47},"end":{"line":4,"column":0}},"2":{"start":{"line":15,"column":4},"end":{"line":37,"column":5}},"3":{"start":{"line":16,"column":6},"end":{"line":null,"column":-1}},"4":{"start":{"line":18,"column":27},"end":{"line":18,"column":6}},"5":{"start":{"line":19,"column":29},"end":{"line":19,"column":6}},"6":{"start":{"line":20,"column":25},"end":{"line":20,"column":6}},"7":{"start":{"line":22,"column":6},"end":{"line":null,"column":-1}},"8":{"start":{"line":25,"column":10},"end":{"line":null,"column":-1}},"9":{"start":{"line":26,"column":10},"end":{"line":null,"column":-1}},"10":{"start":{"line":29,"column":10},"end":{"line":null,"column":-1}},"11":{"start":{"line":30,"column":10},"end":{"line":null,"column":-1}},"12":{"start":{"line":33,"column":10},"end":{"line":null,"column":-1}},"13":{"start":{"line":34,"column":10},"end":{"line":null,"column":-1}},"14":{"start":{"line":39,"column":4},"end":{"line":null,"column":-1}},"15":{"start":{"line":43,"column":4},"end":{"line":45,"column":5}},"16":{"start":{"line":44,"column":6},"end":{"line":null,"column":-1}},"17":{"start":{"line":47,"column":36},"end":{"line":47,"column":4}},"18":{"start":{"line":49,"column":4},"end":{"line":null,"column":-1}},"19":{"start":{"line":53,"column":18},"end":{"line":53,"column":4}},"20":{"start":{"line":54,"column":22},"end":{"line":54,"column":4}},"21":{"start":{"line":55,"column":21},"end":{"line":55,"column":4}},"22":{"start":{"line":56,"column":22},"end":{"line":56,"column":4}},"23":{"start":{"line":58,"column":19},"end":{"line":58,"column":4}},"24":{"start":{"line":59,"column":28},"end":{"line":59,"column":4}},"25":{"start":{"line":61,"column":28},"end":{"line":61,"column":4}},"26":{"start":{"line":63,"column":4},"end":{"line":null,"column":-1}},"27":{"start":{"line":64,"column":6},"end":{"line":null,"column":-1}},"28":{"start":{"line":66,"column":10},"end":{"line":66,"column":17}},"29":{"start":{"line":67,"column":10},"end":{"line":null,"column":-1}},"30":{"start":{"line":70,"column":10},"end":{"line":70,"column":21}},"31":{"start":{"line":71,"column":10},"end":{"line":null,"column":-1}},"32":{"start":{"line":74,"column":10},"end":{"line":74,"column":20}},"33":{"start":{"line":75,"column":10},"end":{"line":null,"column":-1}},"34":{"start":{"line":78,"column":10},"end":{"line":78,"column":21}},"35":{"start":{"line":79,"column":10},"end":{"line":null,"column":-1}},"36":{"start":{"line":82,"column":10},"end":{"line":null,"column":-1}},"37":{"start":{"line":87,"column":4},"end":{"line":null,"column":-1}}},"fnMap":{"0":{"name":"(anonymous_0)","decl":{"start":{"line":12,"column":9},"end":{"line":12,"column":14}},"loc":{"start":{"line":12,"column":51},"end":{"line":40,"column":3}}},"1":{"name":"(anonymous_1)","decl":{"start":{"line":42,"column":9},"end":{"line":42,"column":13}},"loc":{"start":{"line":42,"column":29},"end":{"line":50,"column":3}}},"2":{"name":"(anonymous_2)","decl":{"start":{"line":52,"column":9},"end":{"line":52,"column":14}},"loc":{"start":{"line":52,"column":38},"end":{"line":94,"column":3}}},"3":{"name":"(anonymous_3)","decl":{"start":{"line":63,"column":22},"end":{"line":63,"column":29}},"loc":{"start":{"line":63,"column":33},"end":{"line":63,"column":4}}}},"branchMap":{"0":{"loc":{"start":{"line":15,"column":4},"end":{"line":37,"column":5}},"type":"if","locations":[{"start":{"line":15,"column":4},"end":{"line":37,"column":5}},{"start":{"line":15,"column":4},"end":{"line":37,"column":5}}]},"1":{"loc":{"start":{"line":23,"column":8},"end":{"line":null,"column":-1}},"type":"switch","locations":[{"start":{"line":23,"column":8},"end":{"line":null,"column":-1}},{"start":{"line":24,"column":8},"end":{"line":27,"column":9}},{"start":{"line":28,"column":8},"end":{"line":31,"column":9}},{"start":{"line":32,"column":8},"end":{"line":35,"column":9}}]},"2":{"loc":{"start":{"line":43,"column":4},"end":{"line":45,"column":5}},"type":"if","locations":[{"start":{"line":43,"column":4},"end":{"line":45,"column":5}},{"start":{"line":43,"column":4},"end":{"line":45,"column":5}}]},"3":{"loc":{"start":{"line":49,"column":82},"end":{"line":49,"column":51}},"type":"cond-expr","locations":[{"start":{"line":49,"column":82},"end":{"line":49,"column":51}},{"start":{"line":49,"column":86},"end":{"line":49,"column":11}}]},"4":{"loc":{"start":{"line":61,"column":28},"end":{"line":61,"column":27}},"type":"binary-expr","locations":[{"start":{"line":61,"column":28},"end":{"line":61,"column":27}},{"start":{"line":61,"column":76},"end":{"line":61,"column":4}}]},"5":{"loc":{"start":{"line":65,"column":8},"end":{"line":68,"column":9}},"type":"switch","locations":[{"start":{"line":65,"column":8},"end":{"line":68,"column":9}},{"start":{"line":69,"column":8},"end":{"line":72,"column":9}},{"start":{"line":73,"column":8},"end":{"line":76,"column":9}},{"start":{"line":77,"column":8},"end":{"line":80,"column":9}},{"start":{"line":81,"column":8},"end":{"line":83,"column":9}}]}},"s":{"0":5,"1":5,"2":52,"3":0,"4":52,"5":52,"6":52,"7":52,"8":1,"9":1,"10":0,"11":0,"12":51,"13":51,"14":52,"15":107,"16":1,"17":106,"18":106,"19":2,"20":2,"21":2,"22":2,"23":2,"24":2,"25":2,"26":2,"27":5,"28":1,"29":1,"30":1,"31":1,"32":1,"33":1,"34":1,"35":1,"36":1,"37":2},"f":{"0":52,"1":107,"2":2,"3":5},"b":{"0":[0,52],"1":[1,1,0,51],"2":[1,106],"3":[53,53],"4":[2,0],"5":[1,1,1,1,1]}}
,"/Users/michel/projects/explorer/src/services/index.ts": {"path":"/Users/michel/projects/explorer/src/services/index.ts","statementMap":{"0":{"start":{"line":1,"column":0},"end":{"line":null,"column":-1}},"1":{"start":{"line":2,"column":0},"end":{"line":null,"column":-1}},"2":{"start":{"line":3,"column":0},"end":{"line":null,"column":-1}},"3":{"start":{"line":5,"column":0},"end":{"line":null,"column":-1}},"4":{"start":{"line":6,"column":0},"end":{"line":null,"column":-1}},"5":{"start":{"line":8,"column":0},"end":{"line":null,"column":-1}},"6":{"start":{"line":10,"column":0},"end":{"line":null,"column":-1}},"7":{"start":{"line":12,"column":0},"end":{"line":null,"column":-1}},"8":{"start":{"line":14,"column":0},"end":{"line":null,"column":-1}},"9":{"start":{"line":16,"column":0},"end":{"line":null,"column":-1}},"10":{"start":{"line":18,"column":0},"end":{"line":null,"column":-1}}},"fnMap":{},"branchMap":{},"s":{"0":3,"1":3,"2":3,"3":3,"4":3,"5":3,"6":3,"7":3,"8":3,"9":3,"10":3},"f":{},"b":{}}
,"/Users/michel/projects/explorer/src/services/migration.ts": {"path":"/Users/michel/projects/explorer/src/services/migration.ts","statementMap":{"0":{"start":{"line":1,"column":0},"end":{"line":null,"column":-1}},"1":{"start":{"line":2,"column":0},"end":{"line":null,"column":-1}},"2":{"start":{"line":6,"column":23},"end":{"line":6,"column":4}},"3":{"start":{"line":8,"column":4},"end":{"line":11,"column":5}},"4":{"start":{"line":10,"column":6},"end":{"line":null,"column":-1}},"5":{"start":{"line":15,"column":19},"end":{"line":15,"column":4}},"6":{"start":{"line":17,"column":4},"end":{"line":19,"column":5}},"7":{"start":{"line":18,"column":6},"end":{"line":null,"column":-1}},"8":{"start":{"line":21,"column":18},"end":{"line":21,"column":4}},"9":{"start":{"line":22,"column":4},"end":{"line":null,"column":-1}},"10":{"start":{"line":24,"column":4},"end":{"line":null,"column":-1}},"11":{"start":{"line":28,"column":21},"end":{"line":28,"column":4}},"12":{"start":{"line":29,"column":27},"end":{"line":29,"column":4}},"13":{"start":{"line":31,"column":4},"end":{"line":33,"column":5}},"14":{"start":{"line":32,"column":6},"end":{"line":null,"column":-1}},"15":{"start":{"line":35,"column":20},"end":{"line":35,"column":4}},"16":{"start":{"line":37,"column":4},"end":{"line":null,"column":-1}},"17":{"start":{"line":38,"column":4},"end":{"line":null,"column":-1}},"18":{"start":{"line":40,"column":4},"end":{"line":null,"column":-1}},"19":{"start":{"line":51,"column":4},"end":{"line":null,"column":-1}},"20":{"start":{"line":52,"column":4},"end":{"line":null,"column":-1}}},"fnMap":{"0":{"name":"(anonymous_0)","decl":{"start":{"line":5,"column":9},"end":{"line":5,"column":25}},"loc":{"start":{"line":5,"column":26},"end":{"line":12,"column":3}}},"1":{"name":"(anonymous_1)","decl":{"start":{"line":14,"column":9},"end":{"line":14,"column":19}},"loc":{"start":{"line":14,"column":20},"end":{"line":25,"column":3}}},"2":{"name":"(anonymous_2)","decl":{"start":{"line":27,"column":9},"end":{"line":27,"column":18}},"loc":{"start":{"line":27,"column":19},"end":{"line":53,"column":3}}}},"branchMap":{"0":{"loc":{"start":{"line":17,"column":4},"end":{"line":19,"column":5}},"type":"if","locations":[{"start":{"line":17,"column":4},"end":{"line":19,"column":5}},{"start":{"line":17,"column":4},"end":{"line":19,"column":5}}]},"1":{"loc":{"start":{"line":17,"column":8},"end":{"line":17,"column":7}},"type":"binary-expr","locations":[{"start":{"line":17,"column":8},"end":{"line":17,"column":7}},{"start":{"line":17,"column":21},"end":{"line":17,"column":4}}]},"2":{"loc":{"start":{"line":22,"column":51},"end":{"line":22,"column":32}},"type":"cond-expr","locations":[{"start":{"line":22,"column":51},"end":{"line":22,"column":32}},{"start":{"line":22,"column":55},"end":{"line":22,"column":31}}]},"3":{"loc":{"start":{"line":31,"column":4},"end":{"line":33,"column":5}},"type":"if","locations":[{"start":{"line":31,"column":4},"end":{"line":33,"column":5}},{"start":{"line":31,"column":4},"end":{"line":33,"column":5}}]},"4":{"loc":{"start":{"line":31,"column":8},"end":{"line":31,"column":7}},"type":"binary-expr","locations":[{"start":{"line":31,"column":8},"end":{"line":31,"column":7}},{"start":{"line":31,"column":23},"end":{"line":31,"column":4}}]},"5":{"loc":{"start":{"line":37,"column":30},"end":{"line":37,"column":27}},"type":"cond-expr","locations":[{"start":{"line":37,"column":30},"end":{"line":37,"column":27}},{"start":{"line":37,"column":55},"end":{"line":37,"column":4}}]},"6":{"loc":{"start":{"line":38,"column":23},"end":{"line":38,"column":39}},"type":"binary-expr","locations":[{"start":{"line":38,"column":23},"end":{"line":38,"column":39}},{"start":{"line":38,"column":43},"end":{"line":38,"column":4}}]}},"s":{"0":4,"1":4,"2":0,"3":0,"4":0,"5":0,"6":0,"7":0,"8":0,"9":0,"10":0,"11":3,"12":3,"13":3,"14":1,"15":2,"16":2,"17":2,"18":2,"19":2,"20":2},"f":{"0":0,"1":0,"2":3},"b":{"0":[0,0],"1":[0,0],"2":[0,0],"3":[1,2],"4":[3,2],"5":[1,1],"6":[2,1]}}
,"/Users/michel/projects/explorer/src/services/node.ts": {"path":"/Users/michel/projects/explorer/src/services/node.ts","statementMap":{"0":{"start":{"line":1,"column":0},"end":{"line":null,"column":-1}},"1":{"start":{"line":6,"column":22},"end":{"line":6,"column":4}},"2":{"start":{"line":8,"column":4},"end":{"line":null,"column":-1}},"3":{"start":{"line":12,"column":22},"end":{"line":12,"column":4}},"4":{"start":{"line":14,"column":4},"end":{"line":null,"column":-1}}},"fnMap":{"0":{"name":"(anonymous_0)","decl":{"start":{"line":5,"column":9},"end":{"line":5,"column":14}},"loc":{"start":{"line":5,"column":21},"end":{"line":9,"column":3}}},"1":{"name":"(anonymous_1)","decl":{"start":{"line":11,"column":9},"end":{"line":11,"column":14}},"loc":{"start":{"line":11,"column":21},"end":{"line":15,"column":3}}}},"branchMap":{},"s":{"0":4,"1":1,"2":1,"3":1,"4":1},"f":{"0":1,"1":1},"b":{}}
,"/Users/michel/projects/explorer/src/services/search.ts": {"path":"/Users/michel/projects/explorer/src/services/search.ts","statementMap":{"0":{"start":{"line":1,"column":0},"end":{"line":null,"column":-1}},"1":{"start":{"line":6,"column":4},"end":{"line":null,"column":-1}},"2":{"start":{"line":10,"column":4},"end":{"line":null,"column":-1}},"3":{"start":{"line":14,"column":4},"end":{"line":null,"column":-1}},"4":{"start":{"line":18,"column":4},"end":{"line":null,"column":-1}}},"fnMap":{"0":{"name":"(anonymous_0)","decl":{"start":{"line":5,"column":9},"end":{"line":5,"column":14}},"loc":{"start":{"line":5,"column":46},"end":{"line":7,"column":3}}},"1":{"name":"(anonymous_1)","decl":{"start":{"line":9,"column":9},"end":{"line":9,"column":14}},"loc":{"start":{"line":9,"column":44},"end":{"line":11,"column":3}}},"2":{"name":"(anonymous_2)","decl":{"start":{"line":13,"column":9},"end":{"line":13,"column":14}},"loc":{"start":{"line":13,"column":38},"end":{"line":15,"column":3}}},"3":{"name":"(anonymous_3)","decl":{"start":{"line":17,"column":9},"end":{"line":17,"column":14}},"loc":{"start":{"line":17,"column":41},"end":{"line":19,"column":3}}}},"branchMap":{},"s":{"0":3,"1":2,"2":4,"3":2,"4":2},"f":{"0":2,"1":4,"2":2,"3":2},"b":{}}
[...]
rt":{"line":47,"column":32},"end":{"line":47,"column":30}},"loc":{"start":{"line":47,"column":53},"end":{"line":40,"column":48}}},"6":{"name":"(anonymous_6)","decl":{"start":{"line":49,"column":30},"end":{"line":49,"column":28}},"loc":{"start":{"line":49,"column":53},"end":{"line":49,"column":6}}},"7":{"name":"(anonymous_7)","decl":{"start":{"line":55,"column":13},"end":{"line":55,"column":14}},"loc":{"start":{"line":55,"column":30},"end":{"line":40,"column":48}}},"8":{"name":"(anonymous_8)","decl":{"start":{"line":55,"column":30},"end":{"line":55,"column":28}},"loc":{"start":{"line":55,"column":49},"end":{"line":40,"column":48}}},"9":{"name":"(anonymous_9)","decl":{"start":{"line":57,"column":30},"end":{"line":57,"column":28}},"loc":{"start":{"line":57,"column":53},"end":{"line":57,"column":6}}},"10":{"name":"(anonymous_10)","decl":{"start":{"line":63,"column":21},"end":{"line":63,"column":25}},"loc":{"start":{"line":63,"column":29},"end":{"line":65,"column":3}}}},"branchMap":{"0":{"loc":{"start":{"line":42,"column":29},"end":{"line":42,"column":11}},"type":"cond-expr","locations":[{"start":{"line":42,"column":29},"end":{"line":42,"column":11}},{"start":{"line":42,"column":47},"end":{"line":42,"column":4}}]},"1":{"loc":{"start":{"line":42,"column":47},"end":{"line":42,"column":105}},"type":"binary-expr","locations":[{"start":{"line":42,"column":47},"end":{"line":42,"column":105}},{"start":{"line":42,"column":106},"end":{"line":42,"column":4}}]},"2":{"loc":{"start":{"line":49,"column":6},"end":{"line":51,"column":11}},"type":"binary-expr","locations":[{"start":{"line":49,"column":6},"end":{"line":51,"column":11}},{"start":{"line":51,"column":12},"end":{"line":48,"column":4}}]},"3":{"loc":{"start":{"line":57,"column":6},"end":{"line":59,"column":11}},"type":"binary-expr","locations":[{"start":{"line":57,"column":6},"end":{"line":59,"column":11}},{"start":{"line":59,"column":12},"end":{"line":56,"column":4}}]}},"s":{"0":36,"1":36,"2":36,"3":36,"4":4,"5":4,"6":4,"7":1,"8":36,"9":4,"10":1,"11":36,"12":3,"13":1,"14":1,"15":2,"16":4,"17":1,"18":2,"19":3,"20":0,"21":36},"f":{"0":4,"1":1,"2":3,"3":1,"4":1,"5":2,"6":4,"7":1,"8":2,"9":3,"10":0},"b":{"0":[2,1],"1":[1,1],"2":[2,1],"3":[2,1]}}
,"/Users/michel/projects/explorer/src/store/modules/network.ts": {"path":"/Users/michel/projects/explorer/src/store/modules/network.ts","statementMap":{"0":{"start":{"line":2,"column":0},"end":{"line":null,"column":-1}},"1":{"start":{"line":6,"column":19},"end":{"line":6,"column":0}},"2":{"start":{"line":7,"column":29},"end":{"line":7,"column":0}},"3":{"start":{"line":22,"column":47},"end":{"line":22,"column":0}},"4":{"start":{"line":24,"column":4},"end":{"line":null,"column":-1}},"5":{"start":{"line":30,"column":4},"end":{"line":null,"column":-1}},"6":{"start":{"line":36,"column":4},"end":{"line":null,"column":-1}},"7":{"start":{"line":42,"column":4},"end":{"line":null,"column":-1}},"8":{"start":{"line":48,"column":4},"end":{"line":null,"column":-1}},"9":{"start":{"line":54,"column":4},"end":{"line":null,"column":-1}},"10":{"start":{"line":60,"column":4},"end":{"line":null,"column":-1}},"11":{"start":{"line":66,"column":4},"end":{"line":null,"column":-1}},"12":{"start":{"line":72,"column":4},"end":{"line":null,"column":-1}},"13":{"start":{"line":78,"column":4},"end":{"line":null,"column":-1}},"14":{"start":{"line":84,"column":4},"end":{"line":null,"column":-1}},"15":{"start":{"line":90,"column":4},"end":{"line":null,"column":-1}},"16":{"start":{"line":97,"column":47},"end":{"line":97,"column":0}},"17":{"start":{"line":99,"column":4},"end":{"line":null,"column":-1}},"18":{"start":{"line":102,"column":4},"end":{"line":null,"column":-1}},"19":{"start":{"line":105,"column":4},"end":{"line":null,"column":-1}},"20":{"start":{"line":108,"column":4},"end":{"line":null,"column":-1}},"21":{"start":{"line":111,"column":4},"end":{"line":null,"column":-1}},"22":{"start":{"line":114,"column":4},"end":{"line":null,"column":-1}},"23":{"start":{"line":117,"column":4},"end":{"line":null,"column":-1}},"24":{"start":{"line":120,"column":4},"end":{"line":null,"column":-1}},"25":{"start":{"line":123,"column":4},"end":{"line":null,"column":-1}},"26":{"start":{"line":126,"column":4},"end":{"line":null,"column":-1}},"27":{"start":{"line":129,"column":4},"end":{"line":null,"column":-1}},"28":{"start":{"line":132,"column":4},"end":{"line":null,"column":-1}},"29":{"start":{"line":136,"column":47},"end":{"line":136,"column":0}},"30":{"start":{"line":137,"column":21},"end":{"line":136,"column":47}},"31":{"start":{"line":138,"column":19},"end":{"line":136,"column":47}},"32":{"start":{"line":139,"column":20},"end":{"line":136,"column":47}},"33":{"start":{"line":140,"column":18},"end":{"line":136,"column":47}},"34":{"start":{"line":141,"column":28},"end":{"line":136,"column":47}},"35":{"start":{"line":142,"column":25},"end":{"line":136,"column":47}},"36":{"start":{"line":143,"column":18},"end":{"line":136,"column":47}},"37":{"start":{"line":144,"column":19},"end":{"line":136,"column":47}},"38":{"start":{"line":145,"column":23},"end":{"line":136,"column":47}},"39":{"start":{"line":146,"column":25},"end":{"line":136,"column":47}},"40":{"start":{"line":147,"column":19},"end":{"line":136,"column":47}},"41":{"start":{"line":148,"column":19},"end":{"line":148,"column":25}},"42":{"start":{"line":151,"column":50},"end":{"line":151,"column":7}}},"fnMap":{"0":{"name":"(anonymous_0)","decl":{"start":{"line":23,"column":15},"end":{"line":23,"column":16}},"loc":{"start":{"line":23,"column":37},"end":{"line":22,"column":47}}},"1":{"name":"(anonymous_1)","decl":{"start":{"line":29,"column":13},"end":{"line":29,"column":14}},"loc":{"start":{"line":29,"column":35},"end":{"line":22,"column":47}}},"2":{"name":"(anonymous_2)","decl":{"start":{"line":35,"column":14},"end":{"line":35,"column":15}},"loc":{"start":{"line":35,"column":36},"end":{"line":22,"column":47}}},"3":{"name":"(anonymous_3)","decl":{"start":{"line":41,"column":12},"end":{"line":41,"column":13}},"loc":{"start":{"line":41,"column":34},"end":{"line":22,"column":47}}},"4":{"name":"(anonymous_4)","decl":{"start":{"line":47,"column":22},"end":{"line":47,"column":23}},"loc":{"start":{"line":47,"column":44},"end":{"line":22,"column":47}}},"5":{"name":"(anonymous_5)","decl":{"start":{"line":53,"column":19},"end":{"line":53,"column":20}},"loc":{"start":{"line":53,"column":41},"end":{"line":22,"column":47}}},"6":{"name":"(anonymous_6)","decl":{"start":{"line":59,"column":12},"end":{"line":59,"column":13}},"loc":{"start":{"line":59,"column":34},"end":{"line":22,"column":47}}},"7":{"name":"(anonymous_7)","decl":{"start":{"line":65,"column":13},"end":{"line":65,"column":14}},"loc":{"start":{"line":65,"column":35},"end":{"line":22,"column":47}}},"8":{"name":"(anonymous_8)","decl":{"start":{"line":71,"column":17},"end":{"line":71,"column":18}},"loc":{"start":{"line":71,"column":39},"end":{"line":22,"column":47}}},"9":{"name":"(anonymous_9)","decl":{"start":{"line":77,"column":19},"end":{"line":77,"column":20}},"loc":{"start":{"line":77,"column":41},"end":{"line":22,"column":47}}},"10":{"name":"(anonymous_10)","decl":{"start":{"line":83,"column":13},"end":{"line":83,"column":14}},"loc":{"start":{"line":83,"column":35},"end":{"line":22,"column":47}}},"11":{"name":"(anonymous_11)","decl":{"start":{"line":89,"column":13},"end":{"line":89,"column":14}},"loc":{"start":{"line":89,"column":35},"end":{"line":94,"column":3}}},"12":{"name":"(anonymous_12)","decl":{"start":{"line":137,"column":12},"end":{"line":137,"column":16}},"loc":{"start":{"line":137,"column":21},"end":{"line":136,"column":47}}},"13":{"name":"(anonymous_13)","decl":{"start":{"line":138,"column":10},"end":{"line":138,"column":14}},"loc":{"start":{"line":138,"column":19},"end":{"line":136,"column":47}}},"14":{"name":"(anonymous_14)","decl":{"start":{"line":139,"column":11},"end":{"line":139,"column":15}},"loc":{"start":{"line":139,"column":20},"end":{"line":136,"column":47}}},"15":{"name":"(anonymous_15)","decl":{"start":{"line":140,"column":9},"end":{"line":140,"column":13}},"loc":{"start":{"line":140,"column":18},"end":{"line":136,"column":47}}},"16":{"name":"(anonymous_16)","decl":{"start":{"line":141,"column":19},"end":{"line":141,"column":23}},"loc":{"start":{"line":141,"column":28},"end":{"line":136,"column":47}}},"17":{"name":"(anonymous_17)","decl":{"start":{"line":142,"column":16},"end":{"line":142,"column":20}},"loc":{"start":{"line":142,"column":25},"end":{"line":136,"column":47}}},"18":{"name":"(anonymous_18)","decl":{"start":{"line":143,"column":9},"end":{"line":143,"column":13}},"loc":{"start":{"line":143,"column":18},"end":{"line":136,"column":47}}},"19":{"name":"(anonymous_19)","decl":{"start":{"line":144,"column":10},"end":{"line":144,"column":14}},"loc":{"start":{"line":144,"column":19},"end":{"line":136,"column":47}}},"20":{"name":"(anonymous_20)","decl":{"start":{"line":145,"column":14},"end":{"line":145,"column":18}},"loc":{"start":{"line":145,"column":23},"end":{"line":136,"column":47}}},"21":{"name":"(anonymous_21)","decl":{"start":{"line":146,"column":16},"end":{"line":146,"column":20}},"loc":{"start":{"line":146,"column":25},"end":{"line":136,"column":47}}},"22":{"name":"(anonymous_22)","decl":{"start":{"line":147,"column":10},"end":{"line":147,"column":14}},"loc":{"start":{"line":147,"column":19},"end":{"line":136,"column":47}}},"23":{"name":"(anonymous_23)","decl":{"start":{"line":148,"column":10},"end":{"line":148,"column":14}},"loc":{"start":{"line":148,"column":19},"end":{"line":148,"column":25}}}},"branchMap":{},"s":{"0":36,"1":36,"2":36,"3":36,"4":3,"5":9,"6":1,"7":3,"8":3,"9":1,"10":7,"11":3,"12":1,"13":2,"14":1,"15":1,"16":36,"17":3,"18":9,"19":1,"20":3,"21":3,"22":1,"23":7,"24":3,"25":1,"26":2,"27":1,"28":1,"29":36,"30":5,"31":8,"32":1,"33":3,"34":4,"35":1,"36":7,"37":3,"38":1,"39":3,"40":1,"41":4,"42":36},"f":{"0":3,"1":9,"2":1,"3":3,"4":3,"5":1,"6":7,"7":3,"8":1,"9":2,"10":1,"11":1,"12":5,"13":8,"14":1,"15":3,"16":4,"17":1,"18":7,"19":3,"20":1,"21":3,"22":1,"23":4},"b":{}}
,"/Users/michel/projects/explorer/src/store/modules/ui.ts": {"path":"/Users/michel/projects/explorer/src/store/modules/ui.ts","statementMap":{"0":{"start":{"line":2,"column":0},"end":{"line":null,"column":-1}},"1":{"start":{"line":6,"column":19},"end":{"line":6,"column":0}},"2":{"start":{"line":7,"column":24},"end":{"line":7,"column":0}},"3":{"start":{"line":24,"column":42},"end":{"line":24,"column":0}},"4":{"start":{"line":26,"column":4},"end":{"line":null,"column":-1}},"5":{"start":{"line":28,"column":4},"end":{"line":null,"column":-1}},"6":{"start":{"line":34,"column":4},"end":{"line":null,"column":-1}},"7":{"start":{"line":36,"column":4},"end":{"line":null,"column":-1}},"8":{"start":{"line":42,"column":4},"end":{"line":null,"column":-1}},"9":{"start":{"line":44,"column":4},"end":{"line":null,"column":-1}},"10":{"start":{"line":50,"column":4},"end":{"line":null,"column":-1}},"11":{"start":{"line":55,"column":4},"end":{"line":null,"column":-1}},"12":{"start":{"line":61,"column":4},"end":{"line":null,"column":-1}},"13":{"start":{"line":66,"column":4},"end":{"line":null,"column":-1}},"14":{"start":{"line":72,"column":20},"end":{"line":72,"column":4}},"15":{"start":{"line":73,"column":4},"end":{"line":null,"column":-1}},"16":{"start":{"line":75,"column":4},"end":{"line":null,"column":-1}},"17":{"start":{"line":78,"column":4},"end":{"line":null,"column":-1}},"18":{"start":{"line":80,"column":4},"end":{"line":null,"column":-1}},"19":{"start":{"line":86,"column":4},"end":{"line":null,"column":-1}},"20":{"start":{"line":88,"column":4},"end":{"line":null,"column":-1}},"21":{"start":{"line":90,"column":4},"end":{"line":null,"column":-1}},"22":{"start":{"line":96,"column":4},"end":{"line":null,"column":-1}},"23":{"start":{"line":98,"column":4},"end":{"line":null,"column":-1}},"24":{"start":{"line":100,"column":4},"end":{"line":null,"column":-1}},"25":{"start":{"line":106,"column":4},"end":{"line":null,"column":-1}},"26":{"start":{"line":108,"column":4},"end":{"line":null,"column":-1}},"27":{"start":{"line":110,"column":4},"end":{"line":null,"column":-1}},"28":{"start":{"line":116,"column":4},"end":{"line":null,"column":-1}},"29":{"start":{"line":118,"column":4},"end":{"line":null,"column":-1}},"30":{"start":{"line":120,"column":4},"end":{"line":null,"column":-1}},"31":{"start":{"line":127,"column":42},"end":{"line":127,"column":0}},"32":{"start":{"line":129,"column":4},"end":{"line":null,"column":-1}},"33":{"start":{"line":132,"column":4},"end":{"line":null,"column":-1}},"34":{"start":{"line":135,"column":4},"end":{"line":null,"column":-1}},"35":{"start":{"line":138,"column":4},"end":{"line":null,"column":-1}},"36":{"start":{"line":141,"column":4},"end":{"line":null,"column":-1}},"37":{"start":{"line":144,"column":4},"end":{"line":null,"column":-1}},"38":{"start":{"line":147,"column":4},"end":{"line":null,"column":-1}},"39":{"start":{"line":150,"column":4},"end":{"line":null,"column":-1}},"40":{"start":{"line":153,"column":4},"end":{"line":null,"column":-1}},"41":{"start":{"line":156,"column":4},"end":{"line":null,"column":-1}},"42":{"start":{"line":160,"column":42},"end":{"line":160,"column":0}},"43":{"start":{"line":161,"column":21},"end":{"line":160,"column":42}},"44":{"start":{"line":162,"column":19},"end":{"line":160,"column":42}},"45":{"start":{"line":163,"column":22},"end":{"line":160,"column":42}},"46":{"start":{"line":164,"column":30},"end":{"line":160,"column":42}},"47":{"start":{"line":165,"column":23},"end":{"line":160,"column":42}},"48":{"start":{"line":166,"column":24},"end":{"line":160,"column":42}},"49":{"start":{"line":169,"column":19},"end":{"line":169,"column":4}},"50":{"start":{"line":170,"column":4},"end":{"line":null,"column":-1}},"51":{"start":{"line":174,"column":19},"end":{"line":174,"column":4}},"52":{"start":{"line":175,"column":4},"end":{"line":null,"column":-1}},"53":{"start":{"line":184,"column":19},"end":{"line":184,"column":4}},"54":{"start":{"line":185,"column":4},"end":{"line":null,"column":-1}},"55":{"start":{"line":189,"column":19},"end":{"line":189,"column":4}},"56":{"start":{"line":190,"column":4},"end":{"line":null,"column":-1}},"57":{"start":{"line":194,"column":40},"end":{"line":194,"column":7}}},"fnMap":{"0":{"name":"(anonymous_0)","decl":{"start":{"line":25,"column":15},"end":{"line":25,"column":16}},"loc":{"start":{"line":25,"column":45},"end":{"line":24,"column":42}}},"1":{"name":"(anonymous_1)","decl":{"start":{"line":33,"column":13},"end":{"line":33,"column":14}},"loc":{"start":{"line":33,"column":43},"end":{"line":24,"column":42}}},"2":{"name":"(anonymous_2)","decl":{"start":{"line":41,"column":16},"end":{"line":41,"column":17}},"loc":{"start":{"line":41,"column":47},"end":{"line":24,"column":42}}},"3":{"name":"(anonymous_3)","decl":{"start":{"line":49,"column":17},"end":{"line":49,"column":18}},"loc":{"start":{"line":49,"column":47},"end":{"line":24,"column":42}}},"4":{"name":"(anonymous_4)","decl":{"start":{"line":60,"column":18},"end":{"line":60,"column":19}},"loc":{"start":{"line":60,"column":49},"end":{"line":24,"column":42}}},"5":{"name":"(anonymous_5)","decl":{"start":{"line":71,"column":23},"end":{"line":71,"column":24}},"loc":{"start":{"line":71,"column":68},"end":{"line":24,"column":42}}},"6":{"name":"(anonymous_6)","decl":{"start":{"line":77,"column":24},"end":{"line":77,"column":25}},"loc":{"start":{"line":77,"column":46},"end":{"line":24,"column":42}}},"7":{"name":"(anonymous_7)","decl":{"start":{"line":85,"column":22},"end":{"line":85,"column":23}},"loc":{"start":{"line":85,"column":44},"end":{"line":24,"column":42}}},"8":{"name":"(anonymous_8)","decl":{"start":{"line":95,"column":25},"end":{"line":95,"column":26}},"loc":{"start":{"line":95,"column":47},"end":{"line":24,"column":42}}},"9":{"name":"(anonymous_9)","decl":{"start":{"line":105,"column":28},"end":{"line":105,"column":29}},"loc":{"start":{"line":105,"column":50},"end":{"line":24,"column":42}}},"10":{"name":"(anonymous_10)","decl":{"start":{"line":115,"column":23},"end":{"line":115,"column":24}},"loc":{"start":{"line":115,"column":45},"end":{"line":124,"column":3}}},"11":{"name":"(anonymous_11)","decl":{"start":{"line":161,"column":12},"end":{"line":161,"column":16}},"loc":{"start":{"line":161,"column":21},"end":{"line":160,"column":42}}},"12":{"name":"(anonymous_12)","decl":{"start":{"line":162,"column":10},"end":{"line":162,"column":14}},"loc":{"start":{"line":162,"column":19},"end":{"line":160,"column":42}}},"13":{"name":"(anonymous_13)","decl":{"start":{"line":163,"column":13},"end":{"line":163,"column":17}},"loc":{"start":{"line":163,"column":22},"end":{"line":160,"column":42}}},"14":{"name":"(anonymous_14)","decl":{"start":{"line":164,"column":21},"end":{"line":164,"column":25}},"loc":{"start":{"line":164,"column":30},"end":{"line":160,"column":42}}},"15":{"name":"(anonymous_15)","decl":{"start":{"line":165,"column":14},"end":{"line":165,"column":18}},"loc":{"start":{"line":165,"column":23},"end":{"line":160,"column":42}}},"16":{"name":"(anonymous_16)","decl":{"start":{"line":166,"column":15},"end":{"line":166,"column":19}},"loc":{"start":{"line":166,"column":24},"end":{"line":160,"column":42}}}},"branchMap":{"0":{"loc":{"start":{"line":9,"column":10},"end":{"line":9,"column":9}},"type":"binary-expr","locations":[{"start":{"line":9,"column":10},"end":{"line":9,"column":9}},{"start":{"line":9,"column":32},"end":{"line":7,"column":24}}]},"1":{"loc":{"start":{"line":169,"column":19},"end":{"line":169,"column":18}},"type":"binary-expr","locations":[{"start":{"line":169,"column":19},"end":{"line":169,"column":18}},{"start":{"line":169,"column":44},"end":{"line":169,"column":4}}]},"2":{"loc":{"start":{"line":170,"column":20},"end":{"line":170,"column":17}},"type":"cond-expr","locations":[{"start":{"line":170,"column":20},"end":{"line":170,"column":17}},{"start":{"line":170,"column":41},"end":{"line":170,"column":4}}]},"3":{"loc":{"start":{"line":174,"column":19},"end":{"line":174,"column":18}},"type":"binary-expr","locations":[{"start":{"line":174,"column":19},"end":{"line":174,"column":18}},{"start":{"line":174,"column":47},"end":{"line":174,"column":4}}]},"4":{"loc":{"start":{"line":176,"column":8},"end":{"line":175,"column":17}},"type":"cond-expr","locations":[{"start":{"line":176,"column":8},"end":{"line":175,"column":17}},{"start":{"line":177,"column":8},"end":{"line":175,"column":4}}]},"5":{"loc":{"start":{"line":184,"column":19},"end":{"line":184,"column":18}},"type":"binary-expr","locations":[{"start":{"line":184,"column":19},"end":{"line":184,"column":18}},{"start":{"line":184,"column":50},"end":{"line":184,"column":4}}]},"6":{"loc":{"start":{"line":185,"column":20},"end":{"line":185,"column":17}},"type":"cond-expr","locations":[{"start":{"line":185,"column":20},"end":{"line":185,"column":17}},{"start":{"line":185,"column":41},"end":{"line":185,"column":4}}]},"7":{"loc":{"start":{"line":189,"column":19},"end":{"line":189,"column":18}},"type":"binary-expr","locations":[{"start":{"line":189,"column":19},"end":{"line":189,"column":18}},{"start":{"line":189,"column":45},"end":{"line":189,"column":4}}]},"8":{"loc":{"start":{"line":190,"column":20},"end":{"line":190,"column":17}},"type":"cond-expr","locations":[{"start":{"line":190,"column":20},"end":{"line":190,"column":17}},{"start":{"line":190,"column":41},"end":{"line":190,"column":4}}]}},"s":{"0":36,"1":36,"2":36,"3":36,"4":1,"5":1,"6":1,"7":1,"8":2,"9":2,"10":2,"11":2,"12":3,"13":3,"14":4,"15":4,"16":4,"17":4,"18":4,"19":1,"20":1,"21":1,"22":1,"23":1,"24":1,"25":1,"26":1,"27":1,"28":1,"29":1,"30":1,"31":36,"32":1,"33":1,"34":2,"35":5,"36":5,"37":4,"38":1,"39":1,"40":1,"41":1,"42":36,"43":2,"44":23,"45":3,"46":6,"47":1,"48":2,"49":1,"50":1,"51":1,"52":1,"53":1,"54":1,"55":1,"56":1,"57":36},"f":{"0":1,"1":1,"2":2,"3":2,"4":3,"5":4,"6":4,"7":1,"8":1,"9":1,"10":1,"11":2,"12":23,"13":3,"14":6,"15":1,"16":2},"b":{"0":[36,0],"1":[1,0],"2":[1,0],"3":[1,0],"4":[1,0],"5":[1,0],"6":[1,0],"7":[1,0],"8":[1,0]}}
}
