TN:
SF:/Users/michel/projects/explorer/src/i18n.ts
FN:6,loadLocaleMessages
FN:9,(anonymous_1)
FNF:2
FNH:0
FNDA:0,loadLocaleMessages
FNDA:0,(anonymous_1)
DA:1,0
DA:2,0
DA:4,0
DA:7,0
DA:8,0
DA:9,0
DA:10,0
DA:11,0
DA:12,0
DA:13,0
DA:14,0
DA:16,0
DA:19,0
LF:13
LH:0
BRDA:11,0,0,0
BRDA:11,0,1,0
BRDA:11,1,0,0
BRDA:11,1,1,0
BRDA:13,2,0,0
BRDA:13,2,1,0
BRDA:23,3,0,0
BRDA:23,3,1,0
BRDA:24,4,0,0
BRDA:24,4,1,0
BRF:10
BRH:0
end_of_record
TN:
SF:/Users/michel/projects/explorer/src/main.ts
FN:46,(anonymous_0)
FNF:1
FNH:0
FNDA:0,(anonymous_0)
DA:2,0
DA:4,0
DA:5,0
DA:7,0
DA:8,0
DA:10,0
DA:12,0
DA:14,0
DA:16,0
DA:18,0
DA:20,0
DA:22,0
DA:23,0
DA:27,0
DA:29,0
DA:31,0
DA:33,0
DA:34,0
DA:38,0
DA:40,0
DA:42,0
DA:46,0
LF:22
LH:0
BRF:0
BRH:0
end_of_record
TN:
SF:/Users/michel/projects/explorer/src/routerOld.ts
FN:22,(anonymous_0)
FNF:1
FNH:0
FNDA:0,(anonymous_0)
DA:1,0
DA:2,0
DA:3,0
DA:5,0
DA:22,0
LF:5
LH:0
BRF:0
BRH:0
end_of_record
TN:
SF:/Users/michel/projects/explorer/src/components/index.ts
FNF:0
FNH:0
DA:1,0
DA:8,0
DA:9,0
DA:10,0
DA:11,0
DA:12,0
DA:16,0
DA:17,0
DA:21,0
DA:23,0
DA:24,0
DA:25,0
DA:27,0
DA:28,0
DA:32,0
DA:33,0
DA:34,0
LF:17
LH:0
BRF:0
BRH:0
end_of_record
TN:
SF:/Users/michel/projects/explorer/src/components/block/index.ts
FNF:0
FNH:0
DA:1,0
DA:2,0
DA:3,0
LF:3
LH:0
BRF:0
BRH:0
end_of_record
TN:
SF:/Users/michel/projects/explorer/src/components/charts/price-chart.ts
FNF:0
FNH:0
DA:1,1
DA:21,0
LF:2
LH:1
BRF:0
BRH:0
end_of_record
TN:
SF:/Users/michel/projects/explorer/src/components/header/index.ts
FN:4,(anonymous_2)
FN:5,(anonymous_4)
FN:6,(anonymous_6)
FN:7,(anonymous_8)
FNF:4
FNH:0
FNDA:0,(anonymous_2)
FNDA:0,(anonymous_4)
FNDA:0,(anonymous_6)
FNDA:0,(anonymous_8)
DA:1,0
DA:2,0
DA:4,0
DA:5,0
DA:6,0
DA:7,0
LF:6
LH:0
BRDA:4,0,0,0
BRDA:4,0,1,0
BRDA:5,1,0,0
BRDA:5,1,1,0
BRDA:6,2,0,0
BRDA:6,2,1,0
BRDA:7,3,0,0
BRDA:7,3,1,0
BRF:8
BRH:0
end_of_record
TN:
SF:/Users/michel/projects/explorer/src/components/header/currencies/index.ts
FNF:0
FNH:0
DA:1,1
DA:2,1
LF:2
LH:2
BRF:0
BRH:0
end_of_record
TN:
SF:/Users/michel/projects/explorer/src/components/header/languages/index.ts
FNF:0
FNH:0
DA:1,1
DA:2,1
LF:2
LH:2
BRF:0
BRH:0
end_of_record
TN:
SF:/Users/michel/projects/explorer/src/components/header/menu/index.ts
FNF:0
FNH:0
DA:1,1
DA:2,1
LF:2
LH:2
BRF:0
BRH:0
end_of_record
TN:
SF:/Users/michel/projects/explorer/src/components/header/toggles/index.ts
FNF:0
FNH:0
DA:1,0
DA:2,0
DA:3,0
DA:4,0
LF:4
LH:0
BRF:0
BRH:0
end_of_record
TN:
SF:/Users/michel/projects/explorer/src/components/home/index.ts
FNF:0
FNH:0
DA:1,1
DA:2,1
LF:2
LH:2
BRF:0
BRH:0
end_of_record
TN:
SF:/Users/michel/projects/explorer/src/components/links/index.ts
FNF:0
FNH:0
DA:1,3
DA:2,3
DA:3,3
LF:3
LH:3
BRF:0
BRH:0
end_of_record
TN:
SF:/Users/michel/projects/explorer/src/components/monitor/index.ts
FN:4,(anonymous_2)
FNF:1
FNH:0
FNDA:0,(anonymous_2)
DA:1,0
DA:2,0
DA:4,0
LF:3
LH:0
BRDA:4,0,0,0
BRDA:4,0,1,0
BRF:2
BRH:0
end_of_record
TN:
SF:/Users/michel/projects/explorer/src/components/monitor/header/index.ts
FNF:0
FNH:0
DA:1,0
DA:2,0
DA:3,0
LF:3
LH:0
BRF:0
BRH:0
end_of_record
TN:
SF:/Users/michel/projects/explorer/src/components/utils/pagination/index.ts
FNF:0
FNH:0
DA:1,1
DA:2,1
DA:3,1
DA:4,1
LF:4
LH:4
BRF:0
BRH:0
end_of_record
TN:
SF:/Users/michel/projects/explorer/src/components/wallet/index.ts
FNF:0
FNH:0
DA:1,0
DA:2,0
DA:3,0
DA:4,0
LF:4
LH:0
BRF:0
BRH:0
end_of_record
TN:
SF:/Users/michel/projects/explorer/src/config/index.ts
FNF:0
FNH:0
DA:1,5
LF:1
LH:1
BRF:0
BRH:0
end_of_record
TN:
SF:/Users/michel/projects/explorer/src/directives/click-outside.ts
FN:4,(anonymous_0)
FNF:1
FNH:0
FNDA:0,(anonymous_0)
DA:4,6
DA:5,0
DA:6,0
DA:7,0
DA:11,6
DA:14,0
LF:6
LH:2
BRDA:5,0,0,0
BRDA:5,0,1,0
BRDA:5,1,0,0
BRDA:5,1,1,0
BRDA:6,2,0,0
BRDA:6,2,1,0
BRDA:6,3,0,0
BRDA:6,3,1,0
BRF:8
BRH:0
end_of_record
TN:
SF:/Users/michel/projects/explorer/src/directives/index.ts
FNF:0
FNH:0
DA:2,0
DA:6,0
LF:2
LH:0
BRF:0
BRH:0
end_of_record
TN:
SF:/Users/michel/projects/explorer/src/mixins/currency.ts
FN:40,(anonymous_0)
FN:51,(anonymous_1)
FNF:2
FNH:2
FNDA:26,(anonymous_0)
FNDA:31,(anonymous_1)
DA:1,16
DA:3,16
DA:8,27
DA:9,21
DA:13,21
DA:25,8
DA:27,8
DA:28,4
DA:31,8
DA:33,8
DA:40,26
DA:51,31
LF:12
LH:12
BRDA:7,0,0,13
BRDA:7,1,0,24
BRDA:8,2,0,21
BRDA:8,2,1,6
BRDA:14,3,0,12
BRDA:14,3,1,9
BRDA:14,4,0,12
BRDA:14,4,1,0
BRDA:14,4,2,0
BRDA:21,5,0,0
BRDA:22,6,0,0
BRDA:23,7,0,4
BRDA:25,8,0,8
BRDA:25,8,1,0
BRDA:27,9,0,4
BRDA:27,9,1,4
BRDA:31,10,0,8
BRDA:31,10,1,4
BRDA:41,11,0,4
BRDA:41,11,1,4
BRDA:52,12,0,4
BRDA:52,12,1,6
BRF:22
BRH:17
end_of_record
TN:
SF:/Users/michel/projects/explorer/src/mixins/index.ts
FNF:0
FNH:0
DA:1,11
DA:4,11
LF:2
LH:2
BRF:0
BRH:0
end_of_record
TN:
SF:/Users/michel/projects/explorer/src/mixins/misc.ts
FNF:0
FNH:0
DA:1,12
DA:2,12
DA:4,12
DA:9,1
DA:16,1
DA:17,1
DA:23,8
DA:24,2
DA:27,6
LF:9
LH:9
BRDA:18,0,0,1
BRDA:18,0,1,0
BRDA:22,1,0,3
BRDA:22,2,0,6
BRDA:23,3,0,2
BRDA:23,3,1,6
BRF:6
BRH:5
end_of_record
TN:
SF:/Users/michel/projects/explorer/src/mixins/network.ts
FNF:0
FNH:0
DA:1,14
DA:6,9
LF:2
LH:2
BRDA:6,0,0,9
BRDA:6,0,1,8
BRDA:6,0,2,7
BRF:3
BRH:3
end_of_record
TN:
SF:/Users/michel/projects/explorer/src/mixins/strings.ts
FNF:0
FNH:0
DA:1,16
DA:2,16
DA:4,16
DA:9,37
DA:11,1
DA:14,34
DA:15,34
DA:16,34
DA:21,1
DA:24,1
DA:29,4
DA:33,6
DA:34,4
DA:41,2
DA:45,3
LF:15
LH:15
BRDA:8,0,0,23
BRDA:8,1,0,33
BRDA:10,2,0,1
BRDA:10,2,1,34
BRDA:10,2,2,1
BRDA:10,2,3,1
BRDA:11,3,0,1
BRDA:11,3,1,0
BRDA:17,4,0,31
BRDA:17,4,1,3
BRDA:21,5,0,1
BRDA:21,5,1,0
BRDA:32,6,0,3
BRDA:33,7,0,4
BRDA:33,7,1,2
BRF:15
BRH:13
end_of_record
TN:
SF:/Users/michel/projects/explorer/src/router/index.ts
FN:9,(anonymous_0)
FN:11,(anonymous_2)
FN:13,(anonymous_4)
FN:15,(anonymous_6)
FN:17,(anonymous_8)
FN:19,(anonymous_10)
FN:21,(anonymous_12)
FN:23,(anonymous_14)
FN:25,(anonymous_16)
FN:27,(anonymous_18)
FN:29,(anonymous_20)
FN:31,(anonymous_22)
FN:33,(anonymous_24)
FN:37,getTitle
FN:48,(anonymous_27)
FN:54,(anonymous_28)
FN:58,(anonymous_29)
FN:62,(anonymous_30)
FN:68,(anonymous_31)
FN:72,(anonymous_32)
FN:76,(anonymous_33)
FN:82,(anonymous_34)
FN:86,(anonymous_35)
FN:90,(anonymous_36)
FN:94,(anonymous_37)
FN:98,(anonymous_38)
FN:104,(anonymous_39)
FN:110,(anonymous_40)
FN:114,(anonymous_41)
FN:118,(anonymous_42)
FN:124,(anonymous_43)
FN:128,(anonymous_44)
FN:129,(anonymous_45)
FN:135,(anonymous_46)
FN:141,(anonymous_47)
FN:145,(anonymous_48)
FN:146,(anonymous_49)
FN:152,(anonymous_50)
FN:158,(anonymous_51)
FN:162,(anonymous_52)
FN:163,(anonymous_53)
FN:169,(anonymous_54)
FN:175,(anonymous_55)
FN:180,(anonymous_56)
FN:185,(anonymous_57)
FN:189,(anonymous_58)
FN:193,(anonymous_59)
FN:197,(anonymous_60)
FN:202,(anonymous_61)
FN:206,(anonymous_62)
FN:207,(anonymous_63)
FN:223,(anonymous_64)
FN:232,(anonymous_65)
FNF:53
FNH:5
FNDA:2,(anonymous_0)
FNDA:0,(anonymous_2)
FNDA:0,(anonymous_4)
FNDA:0,(anonymous_6)
FNDA:0,(anonymous_8)
FNDA:0,(anonymous_10)
FNDA:0,(anonymous_12)
FNDA:0,(anonymous_14)
FNDA:0,(anonymous_16)
FNDA:0,(anonymous_18)
FNDA:0,(anonymous_20)
FNDA:0,(anonymous_22)
FNDA:0,(anonymous_24)
FNDA:1,getTitle
FNDA:1,(anonymous_27)
FNDA:0,(anonymous_28)
FNDA:0,(anonymous_29)
FNDA:0,(anonymous_30)
FNDA:0,(anonymous_31)
FNDA:0,(anonymous_32)
FNDA:0,(anonymous_33)
FNDA:0,(anonymous_34)
FNDA:0,(anonymous_35)
FNDA:0,(anonymous_36)
FNDA:0,(anonymous_37)
FNDA:0,(anonymous_38)
FNDA:0,(anonymous_39)
FNDA:0,(anonymous_40)
FNDA:0,(anonymous_41)
FNDA:0,(anonymous_42)
FNDA:0,(anonymous_43)
FNDA:0,(anonymous_44)
FNDA:0,(anonymous_45)
FNDA:0,(anonymous_46)
FNDA:0,(anonymous_47)
FNDA:0,(anonymous_48)
FNDA:0,(anonymous_49)
FNDA:0,(anonymous_50)
FNDA:0,(anonymous_51)
FNDA:0,(anonymous_52)
FNDA:0,(anonymous_53)
FNDA:0,(anonymous_54)
FNDA:0,(anonymous_55)
FNDA:0,(anonymous_56)
FNDA:0,(anonymous_57)
FNDA:0,(anonymous_58)
FNDA:0,(anonymous_59)
FNDA:0,(anonymous_60)
FNDA:0,(anonymous_61)
FNDA:0,(anonymous_62)
FNDA:0,(anonymous_63)
FNDA:1,(anonymous_64)
FNDA:1,(anonymous_65)
DA:1,1
DA:2,1
DA:5,1
DA:6,1
DA:9,2
DA:11,1
DA:13,1
DA:15,1
DA:17,1
DA:19,1
DA:21,1
DA:23,1
DA:25,1
DA:27,1
DA:29,1
DA:31,1
DA:33,1
DA:35,1
DA:38,1
DA:41,1
DA:48,1
DA:54,0
DA:58,0
DA:62,0
DA:68,0
DA:72,0
DA:76,0
DA:82,0
DA:86,0
DA:90,0
DA:94,0
DA:98,0
DA:104,0
DA:110,0
DA:114,0
DA:118,0
DA:124,0
DA:128,0
DA:129,0
DA:135,0
DA:141,0
DA:145,0
DA:146,0
DA:152,0
DA:158,0
DA:162,0
DA:163,0
DA:169,0
DA:175,0
DA:180,0
DA:185,0
DA:189,0
DA:193,0
DA:197,0
DA:202,0
DA:206,0
DA:207,0
DA:215,0
DA:216,0
DA:219,0
DA:223,1
DA:224,1
DA:225,1
DA:226,1
DA:227,1
DA:229,1
DA:232,1
DA:233,1
LF:68
LH:29
BRDA:215,0,0,0
BRDA:215,0,1,0
BRDA:215,1,0,0
BRDA:215,1,1,0
BRDA:215,1,2,0
BRF:5
BRH:0
end_of_record
TN:
SF:/Users/michel/projects/explorer/src/services/api.ts
FN:6,(anonymous_0)
FN:18,(anonymous_1)
FNF:2
FNH:1
FNDA:73,(anonymous_0)
FNDA:0,(anonymous_1)
DA:1,9
DA:2,9
DA:7,73
DA:9,73
DA:11,53
DA:12,0
DA:15,53
DA:19,0
DA:20,0
DA:25,0
DA:27,0
DA:29,0
DA:30,0
DA:33,0
LF:14
LH:6
BRDA:6,0,0,24
BRDA:11,1,0,0
BRDA:11,1,1,53
BRDA:18,2,0,0
BRDA:18,3,0,0
BRDA:19,4,0,0
BRDA:19,4,1,0
BRDA:29,5,0,0
BRDA:29,5,1,0
BRF:9
BRH:2
end_of_record
TN:
SF:/Users/michel/projects/explorer/src/services/block.ts
FN:5,(anonymous_0)
FN:15,(anonymous_1)
FN:25,(anonymous_2)
FN:31,(anonymous_3)
FN:42,(anonymous_4)
FN:53,(anonymous_5)
FN:63,(anonymous_6)
FNF:7
FNH:7
FNDA:1,(anonymous_0)
FNDA:1,(anonymous_1)
FNDA:4,(anonymous_2)
FNDA:1,(anonymous_3)
FNDA:2,(anonymous_4)
FNDA:4,(anonymous_5)
FNDA:4,(anonymous_6)
DA:1,5
DA:6,1
DA:12,1
DA:16,1
DA:22,1
DA:26,4
DA:28,2
DA:32,1
DA:39,1
DA:43,2
DA:50,1
DA:54,4
DA:60,1
DA:64,4
DA:70,2
LF:15
LH:15
BRDA:5,0,0,1
BRDA:31,1,0,1
BRDA:42,2,0,2
BRF:3
BRH:3
end_of_record
TN:
SF:/Users/michel/projects/explorer/src/services/blockchain.ts
FN:5,(anonymous_0)
FN:10,(anonymous_1)
FNF:2
FNH:2
FNDA:1,(anonymous_0)
FNDA:1,(anonymous_1)
DA:1,4
DA:6,1
DA:7,1
DA:11,1
DA:12,1
LF:5
LH:5
BRF:0
BRH:0
end_of_record
TN:
SF:/Users/michel/projects/explorer/src/services/crypto-compare.ts
FN:13,(anonymous_0)
FN:14,(anonymous_1)
FN:15,(anonymous_2)
FN:26,(anonymous_3)
FN:30,(anonymous_4)
FN:39,(anonymous_5)
FN:43,(anonymous_6)
FN:50,(anonymous_7)
FN:54,(anonymous_8)
FN:58,(anonymous_9)
FN:62,(anonymous_10)
FN:66,(anonymous_11)
FN:70,(anonymous_12)
FN:95,(anonymous_13)
FN:149,(anonymous_14)
FN:151,(anonymous_15)
FNF:16
FNH:15
FNDA:9,(anonymous_0)
FNDA:9,(anonymous_1)
FNDA:9,(anonymous_2)
FNDA:9,(anonymous_3)
FNDA:0,(anonymous_4)
FNDA:9,(anonymous_5)
FNDA:1,(anonymous_6)
FNDA:1,(anonymous_7)
FNDA:1,(anonymous_8)
FNDA:1,(anonymous_9)
FNDA:1,(anonymous_10)
FNDA:2,(anonymous_11)
FNDA:6,(anonymous_12)
FNDA:3,(anonymous_13)
FNDA:6,(anonymous_14)
FNDA:917,(anonymous_15)
DA:1,7
DA:2,7
DA:3,7
DA:5,7
DA:8,7
DA:9,7
DA:11,7
DA:13,7
DA:14,9
DA:15,9
DA:16,9
DA:17,9
DA:18,9
DA:19,9
DA:25,7
DA:27,9
DA:28,9
DA:31,0
DA:32,0
DA:37,7
DA:40,9
DA:44,1
DA:45,1
DA:46,1
DA:51,1
DA:55,1
DA:59,1
DA:63,1
DA:67,2
DA:75,6
DA:76,6
DA:78,6
DA:79,6
DA:80,5
DA:83,6
DA:92,6
DA:96,3
DA:97,3
DA:98,1
DA:101,2
DA:104,2
DA:106,2
DA:107,2
DA:109,2
DA:110,0
DA:113,2
DA:114,2
DA:116,2
DA:117,0
DA:123,0
DA:126,2
DA:134,2
DA:135,1
DA:138,1
DA:140,1
DA:146,1
DA:150,6
DA:152,917
DA:159,7
LF:59
LH:54
BRDA:16,0,0,9
BRDA:16,0,1,0
BRDA:45,1,0,1
BRDA:45,1,1,0
BRDA:79,2,0,5
BRDA:79,2,1,1
BRDA:97,3,0,1
BRDA:97,3,1,2
BRDA:109,4,0,0
BRDA:109,4,1,2
BRDA:109,5,0,2
BRDA:109,5,1,1
BRDA:116,6,0,0
BRDA:116,6,1,2
BRDA:116,7,0,2
BRDA:116,7,1,0
BRDA:134,8,0,1
BRDA:134,8,1,1
BRF:18
BRH:13
end_of_record
TN:
SF:/Users/michel/projects/explorer/src/services/delegate.ts
FN:6,(anonymous_0)
FN:27,(anonymous_1)
FN:30,(anonymous_2)
FN:41,(anonymous_3)
FN:59,(anonymous_4)
FN:64,(anonymous_5)
FN:74,(anonymous_6)
FN:81,(anonymous_7)
FN:94,(anonymous_8)
FN:103,(anonymous_9)
FN:111,(anonymous_10)
FNF:11
FNH:10
FNDA:1,(anonymous_0)
FNDA:10,(anonymous_1)
FNDA:2,(anonymous_2)
FNDA:0,(anonymous_3)
FNDA:8,(anonymous_4)
FNDA:1,(anonymous_5)
FNDA:51,(anonymous_6)
FNDA:1,(anonymous_7)
FNDA:1,(anonymous_8)
FNDA:51,(anonymous_9)
FNDA:1,(anonymous_10)
DA:1,3
DA:2,3
DA:7,1
DA:13,1
DA:15,1
DA:16,10
DA:25,1
DA:27,10
DA:31,2
DA:38,1
DA:42,0
DA:56,0
DA:60,8
DA:61,4
DA:65,1
DA:66,1
DA:68,1
DA:74,1
DA:75,51
DA:77,51
DA:82,1
DA:84,1
DA:91,1
DA:95,1
DA:97,1
DA:103,1
DA:104,51
DA:112,1
DA:117,1
LF:29
LH:27
BRDA:30,0,0,2
BRDA:41,1,0,0
BRDA:46,2,0,0
BRDA:46,2,1,0
BRF:4
BRH:1
end_of_record
TN:
SF:/Users/michel/projects/explorer/src/services/event-bus.ts
FNF:0
FNH:0
DA:1,0
LF:1
LH:0
BRF:0
BRH:0
end_of_record
TN:
SF:/Users/michel/projects/explorer/src/services/forging.ts
FN:12,(anonymous_0)
FN:42,(anonymous_1)
FN:52,(anonymous_2)
FN:63,(anonymous_3)
FNF:4
FNH:4
FNDA:52,(anonymous_0)
FNDA:107,(anonymous_1)
FNDA:2,(anonymous_2)
FNDA:5,(anonymous_3)
DA:1,5
DA:4,5
DA:15,52
DA:16,0
DA:18,52
DA:19,52
DA:20,52
DA:22,52
DA:25,1
DA:26,1
DA:29,0
DA:30,0
DA:33,51
DA:34,51
DA:39,52
DA:43,107
DA:44,1
DA:47,106
DA:49,106
DA:53,2
DA:54,2
DA:55,2
DA:56,2
DA:58,2
DA:59,2
DA:61,2
DA:63,2
DA:64,5
DA:66,1
DA:67,1
DA:70,1
DA:71,1
DA:74,1
DA:75,1
DA:78,1
DA:79,1
DA:82,1
DA:87,2
LF:38
LH:35
BRDA:15,0,0,0
BRDA:15,0,1,52
BRDA:23,1,0,1
BRDA:23,1,1,1
BRDA:23,1,2,0
BRDA:23,1,3,51
BRDA:43,2,0,1
BRDA:43,2,1,106
BRDA:49,3,0,53
BRDA:49,3,1,53
BRDA:61,4,0,2
BRDA:61,4,1,0
BRDA:65,5,0,1
BRDA:65,5,1,1
BRDA:65,5,2,1
BRDA:65,5,3,1
BRDA:65,5,4,1
BRF:17
BRH:14
end_of_record
TN:
SF:/Users/michel/projects/explorer/src/services/index.ts
FNF:0
FNH:0
DA:1,3
DA:2,3
DA:3,3
DA:5,3
DA:6,3
DA:8,3
DA:10,3
DA:12,3
DA:14,3
DA:16,3
DA:18,3
LF:11
LH:11
BRF:0
BRH:0
end_of_record
TN:
SF:/Users/michel/projects/explorer/src/services/migration.ts
FN:5,(anonymous_0)
FN:14,(anonymous_1)
FN:27,(anonymous_2)
FNF:3
FNH:1
FNDA:0,(anonymous_0)
FNDA:0,(anonymous_1)
FNDA:3,(anonymous_2)
DA:1,4
DA:2,4
DA:6,0
DA:8,0
DA:10,0
DA:15,0
DA:17,0
DA:18,0
DA:21,0
DA:22,0
DA:24,0
DA:28,3
DA:29,3
DA:31,3
DA:32,1
DA:35,2
DA:37,2
DA:38,2
DA:40,2
DA:51,2
DA:52,2
LF:21
LH:12
BRDA:17,0,0,0
BRDA:17,0,1,0
BRDA:17,1,0,0
BRDA:17,1,1,0
BRDA:22,2,0,0
BRDA:22,2,1,0
BRDA:31,3,0,1
BRDA:31,3,1,2
BRDA:31,4,0,3
BRDA:31,4,1,2
BRDA:37,5,0,1
BRDA:37,5,1,1
BRDA:38,6,0,2
BRDA:38,6,1,1
BRF:14
BRH:8
end_of_record
TN:
SF:/Users/michel/projects/explorer/src/services/node.ts
FN:5,(anonymous_0)
FN:11,(anonymous_1)
FNF:2
FNH:2
FNDA:1,(anonymous_0)
FNDA:1,(anonymous_1)
DA:1,4
DA:6,1
DA:8,1
DA:12,1
DA:14,1
LF:5
LH:5
BRF:0
BRH:0
end_of_record
TN:
SF:/Users/michel/projects/explorer/src/services/search.ts
FN:5,(anonymous_0)
FN:9,(anonymous_1)
FN:13,(anonymous_2)
FN:17,(anonymous_3)
FNF:4
FNH:4
FNDA:2,(anonymous_0)
FNDA:4,(anonymous_1)
FNDA:2,(anonymous_2)
FNDA:2,(anonymous_3)
DA:1,3
DA:6,2
DA:10,4
DA:14,2
DA:18,2
LF:5
LH:5
BRF:0
BRH:0
end_of_record
TN:
SF:/Users/michel/projects/explorer/src/services/transaction.ts
FN:5,(anonymous_0)
FN:16,(anonymous_1)
FN:21,(anonymous_2)
FN:39,(anonymous_3)
FN:51,(anonymous_4)
FN:63,(anonymous_5)
FN:75,(anonymous_6)
FN:91,(anonymous_7)
FN:101,(anonymous_8)
FNF:9
FNH:9
FNDA:1,(anonymous_0)
FNDA:4,(anonymous_1)
FNDA:1,(anonymous_2)
FNDA:4,(anonymous_3)
FNDA:2,(anonymous_4)
FNDA:3,(anonymous_5)
FNDA:3,(anonymous_6)
FNDA:1,(anonymous_7)
FNDA:1,(anonymous_8)
DA:1,5
DA:6,1
DA:13,1
DA:17,4
DA:18,2
DA:22,1
DA:28,1
DA:29,1
DA:32,1
DA:36,1
DA:40,4
DA:48,3
DA:52,2
DA:60,2
DA:64,3
DA:72,2
DA:80,3
DA:88,2
DA:92,1
DA:98,1
DA:102,1
DA:108,1
LF:22
LH:22
BRDA:5,0,0,1
BRDA:21,1,0,1
BRDA:28,2,0,1
BRDA:28,2,1,0
BRDA:39,3,0,3
BRDA:39,4,0,4
BRDA:51,5,0,0
BRDA:51,6,0,1
BRDA:63,7,0,2
BRDA:63,8,0,2
BRDA:77,9,0,2
BRDA:78,10,0,2
BRF:12
BRH:10
end_of_record
TN:
SF:/Users/michel/projects/explorer/src/services/wallet.ts
FN:4,(anonymous_0)
FN:9,(anonymous_1)
FN:19,(anonymous_2)
FNF:3
FNH:2
FNDA:4,(anonymous_0)
FNDA:3,(anonymous_1)
FNDA:0,(anonymous_2)
DA:1,4
DA:5,4
DA:6,2
DA:10,3
DA:16,3
DA:20,0
DA:21,0
LF:7
LH:5
BRDA:9,0,0,1
BRDA:9,1,0,2
BRDA:19,2,0,0
BRF:3
BRH:2
end_of_record
TN:
SF:/Users/michel/projects/explorer/src/store/index.ts
FNF:0
FNH:0
DA:1,36
DA:2,36
DA:4,36
DA:5,36
DA:6,36
DA:7,36
DA:9,36
DA:11,36
DA:18,36
LF:9
LH:9
BRF:0
BRH:0
end_of_record
TN:
SF:/Users/michel/projects/explorer/src/store/mutation-types.ts
FNF:0
FNH:0
DA:2,36
DA:3,36
DA:4,36
DA:5,36
DA:8,36
DA:9,36
DA:10,36
DA:11,36
DA:12,36
DA:13,36
DA:14,36
DA:15,36
DA:16,36
DA:17,36
DA:20,36
DA:21,36
DA:24,36
DA:25,36
DA:26,36
DA:27,36
DA:28,36
DA:29,36
DA:30,36
DA:31,36
DA:32,36
DA:33,36
DA:34,36
DA:35,36
LF:28
LH:28
BRF:0
BRH:0
end_of_record
TN:
SF:/Users/michel/projects/explorer/src/store/modules/currency.ts
FN:19,(anonymous_0)
FN:27,(anonymous_1)
FN:35,(anonymous_2)
FN:43,(anonymous_3)
FN:74,(anonymous_4)
FN:75,(anonymous_5)
FN:76,(anonymous_6)
FN:77,(anonymous_7)
FNF:8
FNH:8
FNDA:7,(anonymous_0)
FNDA:1,(anonymous_1)
FNDA:2,(anonymous_2)
FNDA:2,(anonymous_3)
FNDA:5,(anonymous_4)
FNDA:2,(anonymous_5)
FNDA:1,(anonymous_6)
FNDA:3,(anonymous_7)
DA:2,36
DA:6,36
DA:7,36
DA:18,36
DA:20,7
DA:22,7
DA:28,1
DA:30,1
DA:36,2
DA:38,2
DA:44,2
DA:46,2
DA:47,2
DA:49,2
DA:51,2
DA:58,36
DA:60,7
DA:63,1
DA:66,2
DA:69,2
DA:73,36
DA:74,5
DA:75,2
DA:76,1
DA:77,3
DA:80,36
LF:26
LH:26
BRDA:46,0,0,2
BRDA:46,0,1,2
BRF:2
BRH:2
end_of_record
TN:
SF:/Users/michel/projects/explorer/src/store/modules/delegates.ts
FN:13,(anonymous_0)
FN:23,(anonymous_1)
FN:41,(anonymous_2)
FN:45,(anonymous_3)
FN:47,(anonymous_4)
FN:47,(anonymous_5)
FN:49,(anonymous_6)
FN:55,(anonymous_7)
FN:55,(anonymous_8)
FN:57,(anonymous_9)
FN:63,(anonymous_10)
FNF:11
FNH:10
FNDA:4,(anonymous_0)
FNDA:1,(anonymous_1)
FNDA:3,(anonymous_2)
FNDA:1,(anonymous_3)
FNDA:1,(anonymous_4)
FNDA:2,(anonymous_5)
FNDA:4,(anonymous_6)
FNDA:1,(anonymous_7)
FNDA:2,(anonymous_8)
FNDA:3,(anonymous_9)
FNDA:0,(anonymous_10)
DA:2,36
DA:6,36
DA:7,36
DA:12,36
DA:14,4
DA:15,4
DA:17,4
DA:24,1
DA:31,36
DA:33,4
DA:36,1
DA:40,36
DA:42,3
DA:45,1
DA:47,1
DA:48,2
DA:50,4
DA:55,1
DA:56,2
DA:58,3
DA:64,0
DA:68,36
LF:22
LH:21
BRDA:42,0,0,2
BRDA:42,0,1,1
BRDA:42,1,0,1
BRDA:42,1,1,1
BRDA:49,2,0,2
BRDA:49,2,1,1
BRDA:57,3,0,2
BRDA:57,3,1,1
BRF:8
BRH:8
end_of_record
TN:
SF:/Users/michel/projects/explorer/src/store/modules/network.ts
FN:23,(anonymous_0)
FN:29,(anonymous_1)
FN:35,(anonymous_2)
FN:41,(anonymous_3)
FN:47,(anonymous_4)
FN:53,(anonymous_5)
FN:59,(anonymous_6)
FN:65,(anonymous_7)
FN:71,(anonymous_8)
FN:77,(anonymous_9)
FN:83,(anonymous_10)
FN:89,(anonymous_11)
FN:137,(anonymous_12)
FN:138,(anonymous_13)
FN:139,(anonymous_14)
FN:140,(anonymous_15)
FN:141,(anonymous_16)
FN:142,(anonymous_17)
FN:143,(anonymous_18)
FN:144,(anonymous_19)
FN:145,(anonymous_20)
FN:146,(anonymous_21)
FN:147,(anonymous_22)
FN:148,(anonymous_23)
FNF:24
FNH:24
FNDA:3,(anonymous_0)
FNDA:9,(anonymous_1)
FNDA:1,(anonymous_2)
FNDA:3,(anonymous_3)
FNDA:3,(anonymous_4)
FNDA:1,(anonymous_5)
FNDA:7,(anonymous_6)
FNDA:3,(anonymous_7)
FNDA:1,(anonymous_8)
FNDA:2,(anonymous_9)
FNDA:1,(anonymous_10)
FNDA:1,(anonymous_11)
FNDA:5,(anonymous_12)
FNDA:8,(anonymous_13)
FNDA:1,(anonymous_14)
FNDA:3,(anonymous_15)
FNDA:4,(anonymous_16)
FNDA:1,(anonymous_17)
FNDA:7,(anonymous_18)
FNDA:3,(anonymous_19)
FNDA:1,(anonymous_20)
FNDA:3,(anonymous_21)
FNDA:1,(anonymous_22)
FNDA:4,(anonymous_23)
DA:2,36
DA:6,36
DA:7,36
DA:22,36
DA:24,3
DA:30,9
DA:36,1
DA:42,3
DA:48,3
DA:54,1
DA:60,7
DA:66,3
DA:72,1
DA:78,2
DA:84,1
DA:90,1
DA:97,36
DA:99,3
DA:102,9
DA:105,1
DA:108,3
DA:111,3
DA:114,1
DA:117,7
DA:120,3
DA:123,1
DA:126,2
DA:129,1
DA:132,1
DA:136,36
DA:137,5
DA:138,8
DA:139,1
DA:140,3
DA:141,4
DA:142,1
DA:143,7
DA:144,3
DA:145,1
DA:146,3
DA:147,1
DA:148,4
DA:151,36
LF:43
LH:43
BRF:0
BRH:0
end_of_record
TN:
SF:/Users/michel/projects/explorer/src/store/modules/ui.ts
FN:25,(anonymous_0)
FN:33,(anonymous_1)
FN:41,(anonymous_2)
FN:49,(anonymous_3)
FN:60,(anonymous_4)
FN:71,(anonymous_5)
FN:77,(anonymous_6)
FN:85,(anonymous_7)
FN:95,(anonymous_8)
FN:105,(anonymous_9)
FN:115,(anonymous_10)
FN:161,(anonymous_11)
FN:162,(anonymous_12)
FN:163,(anonymous_13)
FN:164,(anonymous_14)
FN:165,(anonymous_15)
FN:166,(anonymous_16)
FNF:17
FNH:17
FNDA:1,(anonymous_0)
FNDA:1,(anonymous_1)
FNDA:2,(anonymous_2)
FNDA:2,(anonymous_3)
FNDA:3,(anonymous_4)
FNDA:4,(anonymous_5)
FNDA:4,(anonymous_6)
FNDA:1,(anonymous_7)
FNDA:1,(anonymous_8)
FNDA:1,(anonymous_9)
FNDA:1,(anonymous_10)
FNDA:2,(anonymous_11)
FNDA:23,(anonymous_12)
FNDA:3,(anonymous_13)
FNDA:6,(anonymous_14)
FNDA:1,(anonymous_15)
FNDA:2,(anonymous_16)
DA:2,36
DA:6,36
DA:7,36
DA:24,36
DA:26,1
DA:28,1
DA:34,1
DA:36,1
DA:42,2
DA:44,2
DA:50,2
DA:55,2
DA:61,3
DA:66,3
DA:72,4
DA:73,4
DA:75,4
DA:78,4
DA:80,4
DA:86,1
DA:88,1
DA:90,1
DA:96,1
DA:98,1
DA:100,1
DA:106,1
DA:108,1
DA:110,1
DA:116,1
DA:118,1
DA:120,1
DA:127,36
DA:129,1
DA:132,1
DA:135,2
DA:138,5
DA:141,5
DA:144,4
DA:147,1
DA:150,1
DA:153,1
DA:156,1
DA:160,36
DA:161,2
DA:162,23
DA:163,3
DA:164,6
DA:165,1
DA:166,2
DA:169,1
DA:170,1
DA:174,1
DA:175,1
DA:184,1
DA:185,1
DA:189,1
DA:190,1
DA:194,36
LF:58
LH:58
BRDA:9,0,0,36
BRDA:9,0,1,0
BRDA:169,1,0,1
BRDA:169,1,1,0
BRDA:170,2,0,1
BRDA:170,2,1,0
BRDA:174,3,0,1
BRDA:174,3,1,0
BRDA:176,4,0,1
BRDA:176,4,1,0
BRDA:184,5,0,1
BRDA:184,5,1,0
BRDA:185,6,0,1
BRDA:185,6,1,0
BRDA:189,7,0,1
BRDA:189,7,1,0
BRDA:190,8,0,1
BRDA:190,8,1,0
BRF:18
BRH:9
end_of_record
